<?xml version="1.0" encoding="utf-8" standalone="no"?>
<test-run id="2" testcasecount="626" result="Failed" total="139" passed="7" failed="95" inconclusive="0" skipped="37" asserts="92" engine-version="3.0.5813.39036" clr-version="4.0.30319.42000" start-time="2017-11-08 13:02:58Z" end-time="2017-11-08 15:46:03Z" duration="9783.978141">
  <command-line><![CDATA["D:\FeaturesUIAutomationTest\Join.Form.Customer\Features Test\NunitRunner\nunit3-console.exe"  --result=D:\FeaturesUIAutomationTestResults\Join.Form.Customer\FeaturesTest\3.0.0-meta2017110901\2017-11-09-02-02\TestResult.xml Join.Form.Customer.Selenium.dll --where cat=~'(?i)integration']]></command-line>
  <filter>
    <cat re="1">(?i)integration</cat>
  </filter>
  <test-suite type="assembly" id="0-1714" name="Join.Form.Customer.Selenium.dll" fullname="D:\FeaturesUIAutomationTest\Join.Form.Customer\Features Test\Join.Form.Customer.Selenium.dll" runstate="Runnable" testcasecount="626" result="Failed" site="Child" start-time="2017-11-08 13:02:59Z" end-time="2017-11-08 15:46:02Z" duration="9783.525571" total="139" passed="7" failed="95" warnings="0" inconclusive="0" skipped="37" asserts="92">
    <environment framework-version="3.6.0.0" clr-version="4.0.30319.42000" os-version="Microsoft Windows NT 6.3.9600.0" platform="Win32NT" cwd="D:\FeaturesUIAutomationTest\Join.Form.Customer\Features Test" machine-name="WINATCA4795" user="zOctopusDEV2" user-domain="BRANCH" culture="en-NZ" uiculture="en-US" os-architecture="x64" />
    <settings>
      <setting name="WorkDirectory" value="D:\FeaturesUIAutomationTest\Join.Form.Customer\Features Test" />
      <setting name="NumberOfTestWorkers" value="2" />
    </settings>
    <properties>
      <property name="ParallelScope" value="None" />
      <property name="_PID" value="7176" />
      <property name="_APPDOMAIN" value="test-domain-" />
    </properties>
    <failure>
      <message><![CDATA[One or more child tests had errors]]></message>
    </failure>
    <test-suite type="TestSuite" id="0-1715" name="Join" fullname="Join" runstate="Runnable" testcasecount="626" result="Failed" site="Child" start-time="2017-11-08 13:02:59Z" end-time="2017-11-08 15:46:02Z" duration="9783.479201" total="139" passed="7" failed="95" warnings="0" inconclusive="0" skipped="37" asserts="92">
      <properties />
      <failure>
        <message><![CDATA[One or more child tests had errors]]></message>
      </failure>
      <test-suite type="TestSuite" id="0-1716" name="Form" fullname="Join.Form" runstate="Runnable" testcasecount="626" result="Failed" site="Child" start-time="2017-11-08 13:02:59Z" end-time="2017-11-08 15:46:02Z" duration="9783.448261" total="139" passed="7" failed="95" warnings="0" inconclusive="0" skipped="37" asserts="92">
        <properties />
        <failure>
          <message><![CDATA[One or more child tests had errors]]></message>
        </failure>
        <test-suite type="TestSuite" id="0-1717" name="Customer" fullname="Join.Form.Customer" runstate="Runnable" testcasecount="626" result="Failed" site="Child" start-time="2017-11-08 13:02:59Z" end-time="2017-11-08 15:46:02Z" duration="9783.416566" total="139" passed="7" failed="95" warnings="0" inconclusive="0" skipped="37" asserts="92">
          <properties />
          <failure>
            <message><![CDATA[One or more child tests had errors]]></message>
          </failure>
          <test-suite type="TestSuite" id="0-1718" name="Selenium" fullname="Join.Form.Customer.Selenium" runstate="Runnable" testcasecount="626" result="Failed" site="Child" start-time="2017-11-08 13:02:59Z" end-time="2017-11-08 15:46:02Z" duration="9783.385357" total="139" passed="7" failed="95" warnings="0" inconclusive="0" skipped="37" asserts="92">
            <properties />
            <failure>
              <message><![CDATA[One or more child tests had errors]]></message>
            </failure>
            <test-suite type="TestSuite" id="0-1719" name="Features" fullname="Join.Form.Customer.Selenium.Features" runstate="Runnable" testcasecount="626" result="Failed" site="Child" start-time="2017-11-08 13:02:59Z" end-time="2017-11-08 15:46:02Z" duration="9783.354182" total="139" passed="7" failed="95" warnings="0" inconclusive="0" skipped="37" asserts="92">
              <properties />
              <failure>
                <message><![CDATA[One or more child tests had errors]]></message>
              </failure>
              <test-suite type="TestFixture" id="0-1311" name="_01_IntroductionPageFeature" fullname="Join.Form.Customer.Selenium.Features._01_IntroductionPageFeature" classname="Join.Form.Customer.Selenium.Features._01_IntroductionPageFeature" runstate="Runnable" testcasecount="18" result="Failed" site="Child" start-time="2017-11-08 13:02:59Z" end-time="2017-11-08 13:06:33Z" duration="214.151596" total="1" passed="0" failed="1" warnings="0" inconclusive="0" skipped="0" asserts="0">
                <properties>
                  <property name="Description" value="01_IntroductionPage" />
                </properties>
                <failure>
                  <message><![CDATA[One or more child tests had errors]]></message>
                </failure>
                <test-case id="0-1325" name="INTRO_09_VerifyIntroductionPageForCleverKash" fullname="Join.Form.Customer.Selenium.Features._01_IntroductionPageFeature.INTRO_09_VerifyIntroductionPageForCleverKash" methodname="INTRO_09_VerifyIntroductionPageForCleverKash" classname="Join.Form.Customer.Selenium.Features._01_IntroductionPageFeature" runstate="Runnable" seed="753727827" result="Failed" label="Error" start-time="2017-11-08 13:02:59Z" end-time="2017-11-08 13:06:33Z" duration="213.644356" asserts="0">
                  <properties>
                    <property name="Description" value="INTRO_09 - Verify Introduction page for Clever Kash" />
                    <property name="Category" value="COB" />
                    <property name="Category" value="intro" />
                    <property name="Category" value="integration" />
                    <property name="Category" value="regression" />
                    <property name="Category" value="092016" />
                  </properties>
                  <failure>
                    <message><![CDATA[System.Reflection.TargetInvocationException : Exception has been thrown by the target of an invocation.
  ----> System.Exception : no such element: Unable to locate element: {"method":"css selector","selector":"iframe[title='Main content']"}
  (Session info: chrome=60.0.3112.78)
  (Driver info: chromedriver=2.29.461591 (62ebf098771772160f391d75e589dc567915b233),platform=Windows NT 6.3.9600 x86_64)
  ----> OpenQA.Selenium.NoSuchElementException : no such element: Unable to locate element: {"method":"css selector","selector":"iframe[title='Main content']"}
  (Session info: chrome=60.0.3112.78)
  (Driver info: chromedriver=2.29.461591 (62ebf098771772160f391d75e589dc567915b233),platform=Windows NT 6.3.9600 x86_64)]]></message>
                    <stack-trace><![CDATA[   at System.RuntimeMethodHandle.InvokeMethod(Object target, Object[] arguments, Signature sig, Boolean constructor)
   at System.Reflection.RuntimeConstructorInfo.Invoke(BindingFlags invokeAttr, Binder binder, Object[] parameters, CultureInfo culture)
   at BoDi.ObjectContainer.CreateObject(Type type, ResolutionList resolutionPath, RegistrationKey keyToResolve)
   at BoDi.ObjectContainer.TypeRegistration.Resolve(ObjectContainer container, RegistrationKey keyToResolve, ResolutionList resolutionPath)
   at BoDi.ObjectContainer.ResolveObject(RegistrationKey keyToResolve, ResolutionList resolutionPath)
   at BoDi.ObjectContainer.Resolve(Type typeToResolve, ResolutionList resolutionPath, String name)
   at lambda_method(Closure , IContextManager )
   at TechTalk.SpecFlow.Bindings.BindingInvoker.InvokeBinding(IBinding binding, IContextManager contextManager, Object[] arguments, ITestTracer testTracer, TimeSpan& duration)
   at TechTalk.SpecFlow.Infrastructure.TestExecutionEngine.ExecuteStepMatch(BindingMatch match, Object[] arguments)
   at TechTalk.SpecFlow.Infrastructure.TestExecutionEngine.ExecuteStep(StepInstance stepInstance)
   at TechTalk.SpecFlow.Infrastructure.TestExecutionEngine.OnAfterLastStep()
   at Join.Form.Customer.Selenium.Features._01_IntroductionPageFeature.ScenarioCleanup()
   at Join.Form.Customer.Selenium.Features._01_IntroductionPageFeature.INTRO_09_VerifyIntroductionPageForCleverKash()
--Exception
   at ASB.Test.Automation.Utils.Retry.Retry.Execute(Func`1 function, Int32 retryInterval, Int32 retryCount, String exceptionMessage)
   at Join.Form.Customer.Selenium.Pages.FeaturesPage.WaitForFeaturesPageLoad(By frameLocator)
   at Join.Form.Customer.Selenium.Pages.FeaturesPage..ctor(ContextObject _context)
   at Join.Form.Customer.Selenium.Pages.IntroductionPage..ctor(ContextObject context)
   at Join.Form.Customer.Selenium.StepDefinitions.IntroductionPageSteps..ctor(ContextObject context)
--NoSuchElementException
   at OpenQA.Selenium.Remote.RemoteWebDriver.UnpackAndThrowOnError(Response errorResponse)
   at OpenQA.Selenium.Remote.RemoteWebDriver.Execute(String driverCommandToExecute, Dictionary`2 parameters)
   at OpenQA.Selenium.Remote.RemoteWebDriver.FindElement(String mechanism, String value)
   at Join.Form.Customer.Selenium.Pages.FeaturesPage.<WaitForFeaturesPageLoad>b__26_0()
   at ASB.Test.Automation.Utils.Retry.Retry.Execute(Func`1 function, Int32 retryInterval, Int32 retryCount, String exceptionMessage)]]></stack-trace>
                  </failure>
                  <output><![CDATA[Given I start my Streamline application
Navigating to URL: https://webappisamdev.asbbank.co.nz/public/join/asb?grcDisabled=true
-> done: CommonSteps.GivenIStartMyStreamlineApplication() (0.8s)
Given I am in the Clever Kash Introduction page
Navigating to URL: https://webappisamdev.asbbank.co.nz/public/join/cleverkashasb?grcDisabled=true
-> done: CommonSteps.GivenIAmInTheCleverKashIntroductionPage() (0.5s)
And I am in the Introduction page
11/9/2017 2:03:02 AMWaitForFeaturesPageLoad: Executing WaitForFrameAndSwitch
-> error: Exception has been thrown by the target of an invocation.
Then the 'Introduction' page progress indicator is displayed
-> skipped because of previous errors
And the header image is displayed
-> skipped because of previous errors
And the Introduction heading and info text is displayed
-> skipped because of previous errors
And the It's easy to join section for Clever Kash is not displayed
-> skipped because of previous errors
And the Before you start section is displayed
-> skipped because of previous errors
And the 'Over 18' tri-state controls has no default selection
-> skipped because of previous errors
And the 'NZ Resident' tri-state controls has no default selection
-> skipped because of previous errors
And the footer elements are displayed
-> skipped because of previous errors
]]></output>
                </test-case>
              </test-suite>
              <test-suite type="TestFixture" id="0-1418" name="_02_ProductsPageFeature" fullname="Join.Form.Customer.Selenium.Features._02_ProductsPageFeature" classname="Join.Form.Customer.Selenium.Features._02_ProductsPageFeature" runstate="Runnable" testcasecount="8" result="Passed" start-time="2017-11-08 13:06:33Z" end-time="2017-11-08 13:06:51Z" duration="17.803180" total="1" passed="1" failed="0" warnings="0" inconclusive="0" skipped="0" asserts="18">
                <properties>
                  <property name="Description" value="02_ProductsPage" />
                </properties>
                <test-case id="0-1419" name="PRODUCTS_01_VerifyUI_SelectProductsPage" fullname="Join.Form.Customer.Selenium.Features._02_ProductsPageFeature.PRODUCTS_01_VerifyUI_SelectProductsPage" methodname="PRODUCTS_01_VerifyUI_SelectProductsPage" classname="Join.Form.Customer.Selenium.Features._02_ProductsPageFeature" runstate="Runnable" seed="1815124285" result="Passed" start-time="2017-11-08 13:06:33Z" end-time="2017-11-08 13:06:51Z" duration="17.774370" asserts="18">
                  <properties>
                    <property name="Description" value="PRODUCTS_01 - Verify UI - Select Products page" />
                    <property name="Category" value="COB" />
                    <property name="Category" value="products" />
                    <property name="Category" value="ui" />
                    <property name="Category" value="regression" />
                    <property name="Category" value="smoke" />
                    <property name="Category" value="integration" />
                    <property name="Category" value="072016" />
                  </properties>
                  <output><![CDATA[Given I start my Streamline application
Navigating to URL: https://webappisamdev.asbbank.co.nz/public/join/asb?grcDisabled=true
-> done: CommonSteps.GivenIStartMyStreamlineApplication() (0.9s)
Given I am in the Select Products page
11/9/2017 2:06:45 AMWaitForFeaturesPageLoad: Executing WaitForFrameAndSwitch
11/9/2017 2:06:45 AMWaitForFeaturesPageLoad: Done executing WaitForFrameAndSwitch
-> done: ProductsPageSteps.GivenIAmInTheSelectProductsPage() (11.1s)
Then the Streamline transaction account details are displayed
-> done: ProductsPageSteps.ThenTheStreamlineTransactionAccountDetailsAreDisplayed() (0.2s)
And the 'ASB Visa Debit Streamline Intro' details are displayed with preselected checkbox
-> done: ProductsPageSteps.ThenTheIsPreselected("ASB Visa Debit St...") (0.2s)
And the 'FastSaver' account details are displayed with an unselected checkbox
Unable to find product 'FastSaver' in page or product 'FastSaver' is not selected
-> done: ProductsPageSteps.ThenTheAccountDetailsAreDisplayedWithAnUnselectedCheckbox("FastSaver") (1.2s)
And the 'Savings On Call' account details are displayed with an unselected checkbox
Unable to find product 'Savings On Call' in page or product 'Savings On Call' is not selected
-> done: ProductsPageSteps.ThenTheAccountDetailsAreDisplayedWithAnUnselectedCheckbox("Savings On Call") (1.2s)
And the products disclaimer is displayed
-> done: ProductsPageSteps.ThenTheProductsDisclaimerIsDisplayed() (0.1s)
]]></output>
                </test-case>
              </test-suite>
              <test-suite type="TestFixture" id="0-1380" name="_03_PersonalDetailsFeature" fullname="Join.Form.Customer.Selenium.Features._03_PersonalDetailsFeature" classname="Join.Form.Customer.Selenium.Features._03_PersonalDetailsFeature" runstate="Runnable" testcasecount="35" result="Passed" start-time="2017-11-08 13:06:51Z" end-time="2017-11-08 13:07:51Z" duration="60.048930" total="2" passed="2" failed="0" warnings="0" inconclusive="0" skipped="0" asserts="4">
                <properties>
                  <property name="Description" value="03_PersonalDetails" />
                </properties>
                <test-case id="0-1396" name="PDETAILS_14_SearchAndSelectStandardAddress" fullname="Join.Form.Customer.Selenium.Features._03_PersonalDetailsFeature.PDETAILS_14_SearchAndSelectStandardAddress" methodname="PDETAILS_14_SearchAndSelectStandardAddress" classname="Join.Form.Customer.Selenium.Features._03_PersonalDetailsFeature" runstate="Runnable" seed="2098240580" result="Passed" start-time="2017-11-08 13:06:51Z" end-time="2017-11-08 13:07:20Z" duration="29.358249" asserts="2">
                  <properties>
                    <property name="Description" value="PDETAILS_14 - Search and select standard address" />
                    <property name="Category" value="COB" />
                    <property name="Category" value="personaldetails" />
                    <property name="Category" value="regression" />
                    <property name="Category" value="smoke" />
                    <property name="Category" value="ui" />
                    <property name="Category" value="integration" />
                    <property name="Category" value="072016" />
                  </properties>
                  <output><![CDATA[Given I start my Streamline application
Navigating to URL: https://webappisamdev.asbbank.co.nz/public/join/asb?grcDisabled=true
-> done: CommonSteps.GivenIStartMyStreamlineApplication() (0.9s)
Given I am in the Personal Details page
11/9/2017 2:07:03 AMWaitForFeaturesPageLoad: Executing WaitForFrameAndSwitch
11/9/2017 2:07:03 AMWaitForFeaturesPageLoad: Done executing WaitForFrameAndSwitch
Unable to find product 'Savings On Call' in page or product 'Savings On Call' is not selected
Unable to find product 'FastSaver' in page or product 'FastSaver' is not selected
-> done: PersonalDetailsSteps.GivenIAmInThePersonalDetailsPage() (13.0s)
When I search and select '12 Lake Road, Kaitaia' as 'Standard' address
-> done: PersonalDetailsSteps.WhenISearchAndSelectAsAddress("12 Lake Road, Kai...", "Standard") (11.9s)
Then my 'Standard' address is displayed
-> done: PersonalDetailsSteps.ThenMyAddressIsDisplayed("Standard") (0.2s)
]]></output>
                </test-case>
                <test-case id="0-1397" name="PDETAILS_15_SearchAndSelectRuralDeliveryAddress" fullname="Join.Form.Customer.Selenium.Features._03_PersonalDetailsFeature.PDETAILS_15_SearchAndSelectRuralDeliveryAddress" methodname="PDETAILS_15_SearchAndSelectRuralDeliveryAddress" classname="Join.Form.Customer.Selenium.Features._03_PersonalDetailsFeature" runstate="Runnable" seed="2091361180" result="Passed" start-time="2017-11-08 13:07:20Z" end-time="2017-11-08 13:07:51Z" duration="30.651192" asserts="2">
                  <properties>
                    <property name="Description" value="PDETAILS_15 - Search and select rural delivery address" />
                    <property name="Category" value="COB" />
                    <property name="Category" value="personaldetails" />
                    <property name="Category" value="regression" />
                    <property name="Category" value="ui" />
                    <property name="Category" value="integration" />
                    <property name="Category" value="072016" />
                  </properties>
                  <output><![CDATA[Given I start my Streamline application
Navigating to URL: https://webappisamdev.asbbank.co.nz/public/join/asb?grcDisabled=true
-> done: CommonSteps.GivenIStartMyStreamlineApplication() (0.7s)
Given I am in the Personal Details page
11/9/2017 2:07:32 AMWaitForFeaturesPageLoad: Executing WaitForFrameAndSwitch
11/9/2017 2:07:32 AMWaitForFeaturesPageLoad: Done executing WaitForFrameAndSwitch
Unable to find product 'Savings On Call' in page or product 'Savings On Call' is not selected
Unable to find product 'FastSaver' in page or product 'FastSaver' is not selected
-> done: PersonalDetailsSteps.GivenIAmInThePersonalDetailsPage() (13.0s)
When I search and select '21 Greens Road, RD 1, Kaiapoi' as 'Rural Delivery' address
-> done: PersonalDetailsSteps.WhenISearchAndSelectAsAddress("21 Greens Road, R...", "Rural Delivery") (13.5s)
Then my 'Rural Delivery' address is displayed
-> done: PersonalDetailsSteps.ThenMyAddressIsDisplayed("Rural Delivery") (0.2s)
]]></output>
                </test-case>
              </test-suite>
              <test-suite type="TestFixture" id="0-1486" name="_04_TaxDetailsFeature" fullname="Join.Form.Customer.Selenium.Features._04_TaxDetailsFeature" classname="Join.Form.Customer.Selenium.Features._04_TaxDetailsFeature" runstate="Runnable" testcasecount="136" result="Passed" start-time="2017-11-08 13:07:51Z" end-time="2017-11-08 13:08:33Z" duration="42.109253" total="1" passed="1" failed="0" warnings="0" inconclusive="0" skipped="0" asserts="30">
                <properties>
                  <property name="Description" value="04_TaxDetails" />
                </properties>
                <test-case id="0-1632" name="TAXINFO_39_TINNumberAddCoTR" fullname="Join.Form.Customer.Selenium.Features._04_TaxDetailsFeature.TAXINFO_39_TINNumberAddCoTR" methodname="TAXINFO_39_TINNumberAddCoTR" classname="Join.Form.Customer.Selenium.Features._04_TaxDetailsFeature" runstate="Runnable" seed="1725291581" result="Passed" start-time="2017-11-08 13:07:51Z" end-time="2017-11-08 13:08:33Z" duration="42.068339" asserts="30">
                  <properties>
                    <property name="Description" value="TAXINFO_39 - TIN number Add CoTR" />
                    <property name="Category" value="112017" />
                    <property name="Category" value="taxdetails" />
                    <property name="Category" value="ui" />
                    <property name="Category" value="smoke" />
                    <property name="Category" value="regression" />
                    <property name="Category" value="integration" />
                    <property name="Category" value="securitytest" />
                  </properties>
                  <output><![CDATA[Given I start my Streamline application
Navigating to URL: https://webappisamdev.asbbank.co.nz/public/join/asb?grcDisabled=true
-> done: CommonSteps.GivenIStartMyStreamlineApplication() (0.8s)
And I am in the Personal Details page
11/9/2017 2:08:03 AMWaitForFeaturesPageLoad: Executing WaitForFrameAndSwitch
11/9/2017 2:08:03 AMWaitForFeaturesPageLoad: Done executing WaitForFrameAndSwitch
Unable to find product 'Savings On Call' in page or product 'Savings On Call' is not selected
Unable to find product 'FastSaver' in page or product 'FastSaver' is not selected
-> done: PersonalDetailsSteps.GivenIAmInThePersonalDetailsPage() (12.9s)
Given I enter all required details in the Personal details page and clicks on Next button:
  --- table step argument ---
  | Title | FirstName  | MiddleName | LastName | DateOfBirth   | Email             | MobileNumber   | CountriesCitizenship | PreferredIdType |
  | Miss  | Automation |            | FYICOB   | 16 March 1978 | cob2016@asb.co.nz | 021-1234567890 | New Zealand          | Other           |
-> done: PersonalDetailsSteps.WhenIEnterAllRequiredDetailsForPersonalDetailsPage(<table>) (19.4s)
Then the Tax Details page is displayed
-> done: AdditionalPersonalDetailsSteps.GivenIAmInTheTaxInformationPage() (0.1s)
When I select 'Yes' in the Are you currently a New Zealand tax resident question
-> done: AdditionalPersonalDetailsSteps.WhenISelectInTheAreYouANewZealandTaxResidentQuestion("Yes") (0.2s)
And I select 'Yes' in the Foreign tax resident question
-> done: AdditionalPersonalDetailsSteps.WhenISelectInTheForeignTaxResidentQuestion("Yes") (0.1s)
And I click Add a country button
-> done: AdditionalPersonalDetailsSteps.WhenIClickAddACountryButton() (0.2s)
Then the add CoTR takeover 'is' displayed
-> done: AdditionalPersonalDetailsSteps.ThenTheAddCoTRTakeoverDisplayed("is") (0.2s)
When I select the country 'Australia' in the Countries where you have Foreign Tax Residence dropdown
-> done: AdditionalPersonalDetailsSteps.WhenISelectTheCountryInTheCountriesWhereYouHaveForeignTaxResidenceDropdown("Australia") (0.2s)
Then the Foreign Tax Number field 'is' displayed
-> done: AdditionalPersonalDetailsSteps.ThenTheForeignTaxNumberFieldDisplayed("is") (0.0s)
And the Where can I find this number? link opens in a new window
-> done: AdditionalPersonalDetailsSteps.ThenTheWhereCanIFindThisNumberLinkOpensInANewWindow() (1.9s)
And the following blacklisted TINs are not accepted in Foreign Tax Number field
  --- table step argument ---
  | tin         |
  | n/a         |
  | na          |
  | n.a         |
  | n.a.        |
  | n a         |
  | tbd         |
  | t.b.d       |
  | t.b.d.      |
  | t b d       |
  | tbc         |
  | t.b.c       |
  | t.b.c.      |
  | t b c       |
  | unknown     |
  | -           |
  | --          |
  | ---         |
  | ----        |
  | -----       |
  | none        |
  | non         |
  | don't know  |
  | do not know |
  | <>          |
-> done: AdditionalPersonalDetailsSteps.ThenTheFollowingBlacklistedTINsAreNotAcceptedInForeignTaxNumberField(<table>) (4.9s)
]]></output>
                </test-case>
              </test-suite>
              <test-suite type="TestFixture" id="0-1105" name="_05_ASBLoginPageFeature" fullname="Join.Form.Customer.Selenium.Features._05_ASBLoginPageFeature" classname="Join.Form.Customer.Selenium.Features._05_ASBLoginPageFeature" runstate="Runnable" testcasecount="133" result="Failed" site="Child" start-time="2017-11-08 13:08:33Z" end-time="2017-11-08 13:10:49Z" duration="135.890518" total="4" passed="3" failed="1" warnings="0" inconclusive="0" skipped="0" asserts="30">
                <properties>
                  <property name="Description" value="05_ASBLoginPage" />
                </properties>
                <failure>
                  <message><![CDATA[One or more child tests had errors]]></message>
                </failure>
                <test-suite type="ParameterizedMethod" id="0-1111" name="LOGIN_02_VerifyUsernameGeneration" fullname="Join.Form.Customer.Selenium.Features._05_ASBLoginPageFeature.LOGIN_02_VerifyUsernameGeneration" classname="Join.Form.Customer.Selenium.Features._05_ASBLoginPageFeature" runstate="Runnable" testcasecount="4" result="Failed" site="Child" start-time="2017-11-08 13:08:33Z" end-time="2017-11-08 13:10:49Z" duration="135.872630" total="4" passed="3" failed="1" warnings="0" inconclusive="0" skipped="0" asserts="30">
                  <properties>
                    <property name="Description" value="LOGIN_02 - Verify username generation" />
                    <property name="Category" value="COB" />
                    <property name="Category" value="asblogin" />
                    <property name="Category" value="integration" />
                    <property name="Category" value="072016" />
                  </properties>
                  <failure>
                    <message><![CDATA[One or more child tests had errors]]></message>
                  </failure>
                  <test-case id="0-1107" name="LOGIN_02_VerifyUsernameGeneration(&quot;Update all&quot;,&quot;new First&quot;,&quot;new Last&quot;,&quot;true&quot;,null)" fullname="Join.Form.Customer.Selenium.Features._05_ASBLoginPageFeature.LOGIN_02_VerifyUsernameGeneration(&quot;Update all&quot;,&quot;new First&quot;,&quot;new Last&quot;,&quot;true&quot;,null)" methodname="LOGIN_02_VerifyUsernameGeneration" classname="Join.Form.Customer.Selenium.Features._05_ASBLoginPageFeature" runstate="Runnable" seed="2137732204" result="Passed" start-time="2017-11-08 13:08:33Z" end-time="2017-11-08 13:09:08Z" duration="35.553420" asserts="9">
                    <properties>
                      <property name="Category" value="regression" />
                      <property name="Category" value="smoke" />
                    </properties>
                    <output><![CDATA[Given I start my Streamline application
Navigating to URL: https://webappisamdev.asbbank.co.nz/public/join/asb?grcDisabled=true
-> done: CommonSteps.GivenIStartMyStreamlineApplication() (1.0s)
And I am in the Personal Details page
11/9/2017 2:08:45 AMWaitForFeaturesPageLoad: Executing WaitForFrameAndSwitch
11/9/2017 2:08:45 AMWaitForFeaturesPageLoad: Done executing WaitForFrameAndSwitch
Unable to find product 'Savings On Call' in page or product 'Savings On Call' is not selected
Unable to find product 'FastSaver' in page or product 'FastSaver' is not selected
-> done: PersonalDetailsSteps.GivenIAmInThePersonalDetailsPage() (13.0s)
And I enter all required details in the Personal details page and clicks on Next button:
  --- table step argument ---
  | Title | FirstName | MiddleName | LastName | DateOfBirth   | Email             | MobileNumber   | CountriesCitizenship | PreferredIdType |
  | Miss  | Mary      | Middle     | Thomas   | 16 March 1978 | cob2016@asb.co.nz | 021-1234567890 | New Zealand          | Other           |
-> done: PersonalDetailsSteps.WhenIEnterAllRequiredDetailsForPersonalDetailsPage(<table>) (13.5s)
And I enter mandatory Tax Information for NZ citizen and clicks on Next button
-> done: AdditionalPersonalDetailsSteps.GivenIEnterMandatoryTaxInformationForNZCitizen() (0.5s)
Given I am in the ASB Login page
-> done: ASBLoginPageSteps.GivenIAmInTheASBLoginPage() (0.7s)
And the generated username is displayed
-> done: ASBLoginPageSteps.GivenTheGeneratedUsernameIsDisplayed() (0.4s)
When I click on 'Previous' button
-> done: CommonSteps.WhenIClickOnButton("Previous") (0.1s)
And I click on 'Previous' button
-> done: CommonSteps.WhenIClickOnButton("Previous") (0.2s)
And the 'Personal Details' screen of Join ASB page is displayed
-> done: CommonSteps.ThenTheScreenOfJoinASBPageIsDisplayed("Personal Details") (0.0s)
And I enter my Firstname as 'new First' and Lastname as 'new Last'
-> done: PersonalDetailsSteps.WhenIEnterMyFirstnameAsAndLastnameAs("new First", "new Last") (1.5s)
And I click on 'Next' button
-> done: CommonSteps.WhenIClickOnButton("Next") (0.1s)
And I click on 'Next' button
-> done: CommonSteps.WhenIClickOnButton("Next") (0.1s)
And the 'ASB Login' screen of Join ASB page is displayed
-> done: CommonSteps.ThenTheScreenOfJoinASBPageIsDisplayed("ASB Login") (0.9s)
Then I expect my username to be 'true'
-> done: ASBLoginPageSteps.ThenIExpectMyUsernameToBe(True) (0.2s)
]]></output>
                  </test-case>
                  <test-case id="0-1108" name="LOGIN_02_VerifyUsernameGeneration(&quot;No change&quot;,&quot;same&quot;,&quot;same&quot;,&quot;false&quot;,null)" fullname="Join.Form.Customer.Selenium.Features._05_ASBLoginPageFeature.LOGIN_02_VerifyUsernameGeneration(&quot;No change&quot;,&quot;same&quot;,&quot;same&quot;,&quot;false&quot;,null)" methodname="LOGIN_02_VerifyUsernameGeneration" classname="Join.Form.Customer.Selenium.Features._05_ASBLoginPageFeature" runstate="Runnable" seed="1011825030" result="Passed" start-time="2017-11-08 13:09:08Z" end-time="2017-11-08 13:09:42Z" duration="33.069267" asserts="7">
                    <properties>
                      <property name="Category" value="regression" />
                    </properties>
                    <output><![CDATA[Given I start my Streamline application
Navigating to URL: https://webappisamdev.asbbank.co.nz/public/join/asb?grcDisabled=true
-> done: CommonSteps.GivenIStartMyStreamlineApplication() (0.9s)
And I am in the Personal Details page
11/9/2017 2:09:21 AMWaitForFeaturesPageLoad: Executing WaitForFrameAndSwitch
11/9/2017 2:09:21 AMWaitForFeaturesPageLoad: Done executing WaitForFrameAndSwitch
Unable to find product 'Savings On Call' in page or product 'Savings On Call' is not selected
Unable to find product 'FastSaver' in page or product 'FastSaver' is not selected
-> done: PersonalDetailsSteps.GivenIAmInThePersonalDetailsPage() (13.0s)
And I enter all required details in the Personal details page and clicks on Next button:
  --- table step argument ---
  | Title | FirstName | MiddleName | LastName | DateOfBirth   | Email             | MobileNumber   | CountriesCitizenship | PreferredIdType |
  | Miss  | Mary      | Middle     | Thomas   | 16 March 1978 | cob2016@asb.co.nz | 021-1234567890 | New Zealand          | Other           |
-> done: PersonalDetailsSteps.WhenIEnterAllRequiredDetailsForPersonalDetailsPage(<table>) (13.4s)
And I enter mandatory Tax Information for NZ citizen and clicks on Next button
-> done: AdditionalPersonalDetailsSteps.GivenIEnterMandatoryTaxInformationForNZCitizen() (0.5s)
Given I am in the ASB Login page
-> done: ASBLoginPageSteps.GivenIAmInTheASBLoginPage() (0.2s)
And the generated username is displayed
-> done: ASBLoginPageSteps.GivenTheGeneratedUsernameIsDisplayed() (1.1s)
When I click on 'Previous' button
-> done: CommonSteps.WhenIClickOnButton("Previous") (0.1s)
And I click on 'Previous' button
-> done: CommonSteps.WhenIClickOnButton("Previous") (0.2s)
And the 'Personal Details' screen of Join ASB page is displayed
-> done: CommonSteps.ThenTheScreenOfJoinASBPageIsDisplayed("Personal Details") (0.1s)
And I enter my Firstname as 'same' and Lastname as 'same'
-> done: PersonalDetailsSteps.WhenIEnterMyFirstnameAsAndLastnameAs("same", "same") (0.0s)
And I click on 'Next' button
-> done: CommonSteps.WhenIClickOnButton("Next") (0.1s)
And I click on 'Next' button
-> done: CommonSteps.WhenIClickOnButton("Next") (0.1s)
And the 'ASB Login' screen of Join ASB page is displayed
-> done: CommonSteps.ThenTheScreenOfJoinASBPageIsDisplayed("ASB Login") (0.0s)
Then I expect my username to be 'false'
-> done: ASBLoginPageSteps.ThenIExpectMyUsernameToBe(False) (0.1s)
]]></output>
                  </test-case>
                  <test-case id="0-1109" name="LOGIN_02_VerifyUsernameGeneration(&quot;Update Firstname&quot;,&quot;new First&quot;,&quot;same&quot;,&quot;true&quot;,null)" fullname="Join.Form.Customer.Selenium.Features._05_ASBLoginPageFeature.LOGIN_02_VerifyUsernameGeneration(&quot;Update Firstname&quot;,&quot;new First&quot;,&quot;same&quot;,&quot;true&quot;,null)" methodname="LOGIN_02_VerifyUsernameGeneration" classname="Join.Form.Customer.Selenium.Features._05_ASBLoginPageFeature" runstate="Runnable" seed="1580455323" result="Failed" label="Error" start-time="2017-11-08 13:09:42Z" end-time="2017-11-08 13:10:16Z" duration="34.404221" asserts="5">
                    <properties>
                      <property name="Category" value="regression" />
                    </properties>
                    <failure>
                      <message><![CDATA[OpenQA.Selenium.NoSuchElementException : no such element: Unable to locate element: {"method":"css selector","selector":"#asbLogin"}
  (Session info: chrome=60.0.3112.78)
  (Driver info: chromedriver=2.29.461591 (62ebf098771772160f391d75e589dc567915b233),platform=Windows NT 6.3.9600 x86_64)]]></message>
                      <stack-trace><![CDATA[   at OpenQA.Selenium.Remote.RemoteWebDriver.UnpackAndThrowOnError(Response errorResponse)
   at OpenQA.Selenium.Remote.RemoteWebDriver.Execute(String driverCommandToExecute, Dictionary`2 parameters)
   at OpenQA.Selenium.Remote.RemoteWebDriver.FindElement(String mechanism, String value)
   at Join.Form.Customer.Selenium.Pages.FeaturesPage.IsPageActive(String pageName, IWebDriver driver)
   at Join.Form.Customer.Selenium.StepDefinitions.CommonSteps.ThenTheScreenOfJoinASBPageIsDisplayed(String pageName)
   at TechTalk.SpecFlow.Bindings.BindingInvoker.InvokeBinding(IBinding binding, IContextManager contextManager, Object[] arguments, ITestTracer testTracer, TimeSpan& duration)
   at TechTalk.SpecFlow.Infrastructure.TestExecutionEngine.ExecuteStepMatch(BindingMatch match, Object[] arguments)
   at TechTalk.SpecFlow.Infrastructure.TestExecutionEngine.ExecuteStep(StepInstance stepInstance)
   at TechTalk.SpecFlow.Infrastructure.TestExecutionEngine.OnAfterLastStep()
   at Join.Form.Customer.Selenium.Features._05_ASBLoginPageFeature.ScenarioCleanup()
   at Join.Form.Customer.Selenium.Features._05_ASBLoginPageFeature.LOGIN_02_VerifyUsernameGeneration(String scenarioName, String firstname, String lastname, String generatedflag, String[] exampleTags)]]></stack-trace>
                    </failure>
                    <output><![CDATA[Given I start my Streamline application
Navigating to URL: https://webappisamdev.asbbank.co.nz/public/join/asb?grcDisabled=true
-> done: CommonSteps.GivenIStartMyStreamlineApplication() (0.7s)
And I am in the Personal Details page
11/9/2017 2:09:53 AMWaitForFeaturesPageLoad: Executing WaitForFrameAndSwitch
11/9/2017 2:09:53 AMWaitForFeaturesPageLoad: Done executing WaitForFrameAndSwitch
Unable to find product 'Savings On Call' in page or product 'Savings On Call' is not selected
Unable to find product 'FastSaver' in page or product 'FastSaver' is not selected
-> done: PersonalDetailsSteps.GivenIAmInThePersonalDetailsPage() (12.9s)
And I enter all required details in the Personal details page and clicks on Next button:
  --- table step argument ---
  | Title | FirstName | MiddleName | LastName | DateOfBirth   | Email             | MobileNumber   | CountriesCitizenship | PreferredIdType |
  | Miss  | Mary      | Middle     | Thomas   | 16 March 1978 | cob2016@asb.co.nz | 021-1234567890 | New Zealand          | Other           |
-> done: PersonalDetailsSteps.WhenIEnterAllRequiredDetailsForPersonalDetailsPage(<table>) (13.6s)
And I enter mandatory Tax Information for NZ citizen and clicks on Next button
-> done: AdditionalPersonalDetailsSteps.GivenIEnterMandatoryTaxInformationForNZCitizen() (0.5s)
Given I am in the ASB Login page
-> done: ASBLoginPageSteps.GivenIAmInTheASBLoginPage() (1.0s)
And the generated username is displayed
-> done: ASBLoginPageSteps.GivenTheGeneratedUsernameIsDisplayed() (0.2s)
When I click on 'Previous' button
-> done: CommonSteps.WhenIClickOnButton("Previous") (0.1s)
And I click on 'Previous' button
-> done: CommonSteps.WhenIClickOnButton("Previous") (0.2s)
And the 'Personal Details' screen of Join ASB page is displayed
-> done: CommonSteps.ThenTheScreenOfJoinASBPageIsDisplayed("Personal Details") (0.1s)
And I enter my Firstname as 'new First' and Lastname as 'same'
-> done: PersonalDetailsSteps.WhenIEnterMyFirstnameAsAndLastnameAs("new First", "same") (0.8s)
And I click on 'Next' button
-> done: CommonSteps.WhenIClickOnButton("Next") (0.1s)
And I click on 'Next' button
-> done: CommonSteps.WhenIClickOnButton("Next") (0.1s)
And the 'ASB Login' screen of Join ASB page is displayed
-> error: no such element: Unable to locate element: {"method":"css selector","selector":"#asbLogin"}
  (Session info: chrome=60.0.3112.78)
  (Driver info: chromedriver=2.29.461591 (62ebf098771772160f391d75e589dc567915b233),platform=Windows NT 6.3.9600 x86_64)
Then I expect my username to be 'true'
-> skipped because of previous errors
]]></output>
                  </test-case>
                  <test-case id="0-1110" name="LOGIN_02_VerifyUsernameGeneration(&quot;Update Lastname&quot;,&quot;same&quot;,&quot;new Last&quot;,&quot;true&quot;,null)" fullname="Join.Form.Customer.Selenium.Features._05_ASBLoginPageFeature.LOGIN_02_VerifyUsernameGeneration(&quot;Update Lastname&quot;,&quot;same&quot;,&quot;new Last&quot;,&quot;true&quot;,null)" methodname="LOGIN_02_VerifyUsernameGeneration" classname="Join.Form.Customer.Selenium.Features._05_ASBLoginPageFeature" runstate="Runnable" seed="845318956" result="Passed" start-time="2017-11-08 13:10:16Z" end-time="2017-11-08 13:10:49Z" duration="32.781497" asserts="9">
                    <properties>
                      <property name="Category" value="regression" />
                    </properties>
                    <output><![CDATA[Given I start my Streamline application
Navigating to URL: https://webappisamdev.asbbank.co.nz/public/join/asb?grcDisabled=true
-> done: CommonSteps.GivenIStartMyStreamlineApplication() (0.8s)
And I am in the Personal Details page
11/9/2017 2:10:28 AMWaitForFeaturesPageLoad: Executing WaitForFrameAndSwitch
11/9/2017 2:10:28 AMWaitForFeaturesPageLoad: Done executing WaitForFrameAndSwitch
Unable to find product 'Savings On Call' in page or product 'Savings On Call' is not selected
Unable to find product 'FastSaver' in page or product 'FastSaver' is not selected
-> done: PersonalDetailsSteps.GivenIAmInThePersonalDetailsPage() (12.9s)
And I enter all required details in the Personal details page and clicks on Next button:
  --- table step argument ---
  | Title | FirstName | MiddleName | LastName | DateOfBirth   | Email             | MobileNumber   | CountriesCitizenship | PreferredIdType |
  | Miss  | Mary      | Middle     | Thomas   | 16 March 1978 | cob2016@asb.co.nz | 021-1234567890 | New Zealand          | Other           |
-> done: PersonalDetailsSteps.WhenIEnterAllRequiredDetailsForPersonalDetailsPage(<table>) (13.1s)
And I enter mandatory Tax Information for NZ citizen and clicks on Next button
-> done: AdditionalPersonalDetailsSteps.GivenIEnterMandatoryTaxInformationForNZCitizen() (0.6s)
Given I am in the ASB Login page
-> done: ASBLoginPageSteps.GivenIAmInTheASBLoginPage() (0.2s)
And the generated username is displayed
-> done: ASBLoginPageSteps.GivenTheGeneratedUsernameIsDisplayed() (0.2s)
When I click on 'Previous' button
-> done: CommonSteps.WhenIClickOnButton("Previous") (0.1s)
And I click on 'Previous' button
-> done: CommonSteps.WhenIClickOnButton("Previous") (0.1s)
And the 'Personal Details' screen of Join ASB page is displayed
-> done: CommonSteps.ThenTheScreenOfJoinASBPageIsDisplayed("Personal Details") (0.0s)
And I enter my Firstname as 'same' and Lastname as 'new Last'
-> done: PersonalDetailsSteps.WhenIEnterMyFirstnameAsAndLastnameAs("same", "new Last") (1.0s)
And I click on 'Next' button
-> done: CommonSteps.WhenIClickOnButton("Next") (0.1s)
And I click on 'Next' button
-> done: CommonSteps.WhenIClickOnButton("Next") (0.1s)
And the 'ASB Login' screen of Join ASB page is displayed
-> done: CommonSteps.ThenTheScreenOfJoinASBPageIsDisplayed("ASB Login") (0.2s)
Then I expect my username to be 'true'
-> done: ASBLoginPageSteps.ThenIExpectMyUsernameToBe(True) (0.2s)
]]></output>
                  </test-case>
                </test-suite>
              </test-suite>
              <test-suite type="TestFixture" id="0-1440" name="_06_SummaryPageFeature" fullname="Join.Form.Customer.Selenium.Features._06_SummaryPageFeature" classname="Join.Form.Customer.Selenium.Features._06_SummaryPageFeature" runstate="Runnable" testcasecount="40" result="Failed" site="Child" start-time="2017-11-08 13:10:49Z" end-time="2017-11-08 13:11:24Z" duration="34.747717" total="1" passed="0" failed="1" warnings="0" inconclusive="0" skipped="0" asserts="2">
                <properties>
                  <property name="Description" value="06_SummaryPage" />
                </properties>
                <failure>
                  <message><![CDATA[One or more child tests had errors]]></message>
                </failure>
                <test-case id="0-1465" name="SUMMARY_09_VerifyThePageBehaviourWhenTheUserClicksOnConfirmButton" fullname="Join.Form.Customer.Selenium.Features._06_SummaryPageFeature.SUMMARY_09_VerifyThePageBehaviourWhenTheUserClicksOnConfirmButton" methodname="SUMMARY_09_VerifyThePageBehaviourWhenTheUserClicksOnConfirmButton" classname="Join.Form.Customer.Selenium.Features._06_SummaryPageFeature" runstate="Runnable" seed="803279564" result="Failed" label="Error" start-time="2017-11-08 13:10:49Z" end-time="2017-11-08 13:11:24Z" duration="34.743294" asserts="2">
                  <properties>
                    <property name="Description" value="SUMMARY_09 - Verify the page behaviour when the user clicks on Confirm button" />
                    <property name="Category" value="COB" />
                    <property name="Category" value="summary" />
                    <property name="Category" value="integration" />
                    <property name="Category" value="072016" />
                  </properties>
                  <failure>
                    <message><![CDATA[OpenQA.Selenium.NoSuchElementException : no such element: Unable to locate element: {"method":"css selector","selector":"#processing"}
  (Session info: chrome=60.0.3112.78)
  (Driver info: chromedriver=2.29.461591 (62ebf098771772160f391d75e589dc567915b233),platform=Windows NT 6.3.9600 x86_64)]]></message>
                    <stack-trace><![CDATA[   at OpenQA.Selenium.Remote.RemoteWebDriver.UnpackAndThrowOnError(Response errorResponse)
   at OpenQA.Selenium.Remote.RemoteWebDriver.Execute(String driverCommandToExecute, Dictionary`2 parameters)
   at OpenQA.Selenium.Remote.RemoteWebDriver.FindElement(String mechanism, String value)
   at Join.Form.Customer.Selenium.Pages.FeaturesPage.IsPageActive(String pageName, IWebDriver driver)
   at Join.Form.Customer.Selenium.StepDefinitions.CommonSteps.ThenTheScreenOfJoinASBPageIsDisplayed(String pageName)
   at TechTalk.SpecFlow.Bindings.BindingInvoker.InvokeBinding(IBinding binding, IContextManager contextManager, Object[] arguments, ITestTracer testTracer, TimeSpan& duration)
   at TechTalk.SpecFlow.Infrastructure.TestExecutionEngine.ExecuteStepMatch(BindingMatch match, Object[] arguments)
   at TechTalk.SpecFlow.Infrastructure.TestExecutionEngine.ExecuteStep(StepInstance stepInstance)
   at TechTalk.SpecFlow.Infrastructure.TestExecutionEngine.OnAfterLastStep()
   at Join.Form.Customer.Selenium.Features._06_SummaryPageFeature.ScenarioCleanup()
   at Join.Form.Customer.Selenium.Features._06_SummaryPageFeature.SUMMARY_09_VerifyThePageBehaviourWhenTheUserClicksOnConfirmButton()]]></stack-trace>
                  </failure>
                  <output><![CDATA[Given I start my Streamline application
Navigating to URL: https://webappisamdev.asbbank.co.nz/public/join/asb?grcDisabled=true
-> done: CommonSteps.GivenIStartMyStreamlineApplication() (0.8s)
And I am in the Personal Details page
11/9/2017 2:11:01 AMWaitForFeaturesPageLoad: Executing WaitForFrameAndSwitch
11/9/2017 2:11:01 AMWaitForFeaturesPageLoad: Done executing WaitForFrameAndSwitch
Unable to find product 'Savings On Call' in page or product 'Savings On Call' is not selected
Unable to find product 'FastSaver' in page or product 'FastSaver' is not selected
-> done: PersonalDetailsSteps.GivenIAmInThePersonalDetailsPage() (13.0s)
And I enter all required details in the Personal details page and clicks on Next button:
  --- table step argument ---
  | Title | FirstName | MiddleName | LastName | DateOfBirth   | Email             | MobileNumber   | CountriesCitizenship | PreferredIdType |
  | Miss  | Mary      | Middle     | Thomas   | 16 March 1978 | cob2016@asb.co.nz | 021-1234567890 | New Zealand          | Other           |
-> done: PersonalDetailsSteps.WhenIEnterAllRequiredDetailsForPersonalDetailsPage(<table>) (14.0s)
And I enter mandatory Tax Information for NZ citizen and clicks on Next button
-> done: AdditionalPersonalDetailsSteps.GivenIEnterMandatoryTaxInformationForNZCitizen() (0.5s)
And I enter 'Kiwi77nz' password and 'MyCode01' ass password in the ASB Login page and clicks on Next button
-> done: ASBLoginPageSteps.WhenIEnterPasswordAndassPasswordInTheASBLoginPageAndClicksOnNextButton("Kiwi77nz", "MyCode01") (1.4s)
Given I am in the Summary page
-> done: SummaryPageSteps.GivenIAmInTheSummaryPage() (0.1s)
When I 'mark' the I agree to the Terms and Conditions checkbox
-> done: SummaryPageSteps.WhenITheIAgreeCheckbox("mark") (0.1s)
And I 'mark' the I agree to the Background Address verification checkbox
-> done: SummaryPageSteps.WhenITheIAgreeToTheBackgroundAddressVerificationCheckbox("mark") (0.0s)
And I click on 'Confirm' button
-> done: CommonSteps.WhenIClickOnButton("Confirm") (0.1s)
Then the 'Processing' screen of Join ASB page is displayed
-> error: no such element: Unable to locate element: {"method":"css selector","selector":"#processing"}
  (Session info: chrome=60.0.3112.78)
  (Driver info: chromedriver=2.29.461591 (62ebf098771772160f391d75e589dc567915b233),platform=Windows NT 6.3.9600 x86_64)
And the Logging you in progress page is displayed
-> skipped because of previous errors
And the Activation page is displayed
-> skipped because of previous errors
]]></output>
                </test-case>
              </test-suite>
              <test-suite type="TestFixture" id="0-1254" name="_07_ConfirmationFeature" fullname="Join.Form.Customer.Selenium.Features._07_ConfirmationFeature" classname="Join.Form.Customer.Selenium.Features._07_ConfirmationFeature" runstate="Runnable" testcasecount="9" result="Failed" site="Child" start-time="2017-11-08 13:11:24Z" end-time="2017-11-08 13:13:59Z" duration="155.476134" total="6" passed="0" failed="6" warnings="0" inconclusive="0" skipped="0" asserts="0">
                <properties>
                  <property name="Description" value="07_Confirmation" />
                </properties>
                <failure>
                  <message><![CDATA[One or more child tests had errors]]></message>
                </failure>
                <test-case id="0-1255" name="CNFM_01_VerifyConfirmationScreen_BadCustomerCheckBlock" fullname="Join.Form.Customer.Selenium.Features._07_ConfirmationFeature.CNFM_01_VerifyConfirmationScreen_BadCustomerCheckBlock" methodname="CNFM_01_VerifyConfirmationScreen_BadCustomerCheckBlock" classname="Join.Form.Customer.Selenium.Features._07_ConfirmationFeature" runstate="Runnable" seed="2086134754" result="Failed" label="Error" start-time="2017-11-08 13:11:24Z" end-time="2017-11-08 13:11:44Z" duration="20.020781" asserts="0">
                  <properties>
                    <property name="Description" value="CNFM_01 - Verify Confirmation screen - Bad Customer check (block)" />
                    <property name="Category" value="COB" />
                    <property name="Category" value="confirmation" />
                    <property name="Category" value="regression" />
                    <property name="Category" value="integration" />
                    <property name="Category" value="072016" />
                  </properties>
                  <failure>
                    <message><![CDATA[System.IndexOutOfRangeException : Could not find a column named 'CountriesCitizenship' in the table.
The table looks like this:
| Title | FirstName | MiddleName | LastName | DateOfBirth | Email             | MobileNumber | PreferredIdType | Password | assPassword |
| Mr    | Michael   | Sam        | Wayne    | 1 June 1983 | cob2016@asb.co.nz | 021-ass   | Other           | Kiwi77nz | MyCode01       |
]]></message>
                    <stack-trace><![CDATA[   at TechTalk.SpecFlow.Table.GetHeaderIndex(String column, Boolean throwIfNotFound)
   at TechTalk.SpecFlow.TableRow.get_Item(String header)
   at Join.Form.Customer.Selenium.StepDefinitions.PersonalDetailsSteps.GivenIEnterAllRequiredDetailsAndNavigateToSummaryPage(Table userDetails)
   at TechTalk.SpecFlow.Bindings.BindingInvoker.InvokeBinding(IBinding binding, IContextManager contextManager, Object[] arguments, ITestTracer testTracer, TimeSpan& duration)
   at TechTalk.SpecFlow.Infrastructure.TestExecutionEngine.ExecuteStepMatch(BindingMatch match, Object[] arguments)
   at TechTalk.SpecFlow.Infrastructure.TestExecutionEngine.ExecuteStep(StepInstance stepInstance)
   at TechTalk.SpecFlow.Infrastructure.TestExecutionEngine.OnAfterLastStep()
   at Join.Form.Customer.Selenium.Features._07_ConfirmationFeature.ScenarioCleanup()
   at Join.Form.Customer.Selenium.Features._07_ConfirmationFeature.CNFM_01_VerifyConfirmationScreen_BadCustomerCheckBlock()]]></stack-trace>
                  </failure>
                  <output><![CDATA[Given I start my Streamline application
Navigating to URL: https://webappisamdev.asbbank.co.nz/public/join/asb?grcDisabled=true
-> done: CommonSteps.GivenIStartMyStreamlineApplication() (0.9s)
Given I select the following products: 'Streamline intro, ASB Visa Debit Streamline Intro'
11/9/2017 2:11:35 AMWaitForFeaturesPageLoad: Executing WaitForFrameAndSwitch
11/9/2017 2:11:35 AMWaitForFeaturesPageLoad: Done executing WaitForFrameAndSwitch
Unable to find product 'FastSaver' in page or product 'FastSaver' is not selected
Unable to find product 'Savings On Call' in page or product 'Savings On Call' is not selected
Unable to find product 'Savings On Call' in page or product 'Savings On Call' is not selected
Unable to find product 'FastSaver' in page or product 'FastSaver' is not selected
-> done: ProductsPageSteps.WhenIChangeMySelectedProductsTo("Streamline intro,...") (15.6s)
And I enter all required details and navigate to Summary page
  --- table step argument ---
  | Title | FirstName | MiddleName | LastName | DateOfBirth | Email             | MobileNumber | PreferredIdType | Password | assPassword |
  | Mr    | Michael   | Sam        | Wayne    | 1 June 1983 | cob2016@asb.co.nz | 021-ass   | Other           | Kiwi77nz | MyCode01       |
-> error: Could not find a column named 'CountriesCitizenship' in the table.
The table looks like this:
| Title | FirstName | MiddleName | LastName | DateOfBirth | Email             | MobileNumber | PreferredIdType | Password | assPassword |
| Mr    | Michael   | Sam        | Wayne    | 1 June 1983 | cob2016@asb.co.nz | 021-ass   | Other           | Kiwi77nz | MyCode01       |

When I confirm details on the Summary page
-> skipped because of previous errors
Then System Unavailable screen is displayed
-> skipped because of previous errors
And a message advising me of difficulties signing me up online and to contact ASB is displayed
-> skipped because of previous errors
And the Confirmation page for duplicate 'bad' customer with open products is displayed
-> skipped because of previous errors
And the 'Find a branch' button opens in a new window
-> skipped because of previous errors
]]></output>
                </test-case>
                <test-suite type="ParameterizedMethod" id="0-1260" name="CNFM_02_ExistingCustomerCheck_DifferentOpenProducts" fullname="Join.Form.Customer.Selenium.Features._07_ConfirmationFeature.CNFM_02_ExistingCustomerCheck_DifferentOpenProducts" classname="Join.Form.Customer.Selenium.Features._07_ConfirmationFeature" runstate="Runnable" testcasecount="4" result="Failed" site="Child" start-time="2017-11-08 13:11:44Z" end-time="2017-11-08 13:13:41Z" duration="117.359969" total="4" passed="0" failed="4" warnings="0" inconclusive="0" skipped="0" asserts="0">
                  <properties>
                    <property name="Description" value="CNFM_02 - Existing Customer check - Different Open Products" />
                    <property name="Category" value="COB" />
                    <property name="Category" value="confirmation" />
                    <property name="Category" value="offline" />
                    <property name="Category" value="integration" />
                    <property name="Category" value="regression" />
                    <property name="Category" value="072016" />
                  </properties>
                  <failure>
                    <message><![CDATA[One or more child tests had errors]]></message>
                  </failure>
                  <test-case id="0-1256" name="CNFM_02_ExistingCustomerCheck_DifferentOpenProducts(&quot;Open Good&quot;,&quot;Mr&quot;,&quot;Good&quot;,&quot;Sam&quot;,&quot;Man&quot;,&quot;1 January 1980&quot;,System.String[])" fullname="Join.Form.Customer.Selenium.Features._07_ConfirmationFeature.CNFM_02_ExistingCustomerCheck_DifferentOpenProducts(&quot;Open Good&quot;,&quot;Mr&quot;,&quot;Good&quot;,&quot;Sam&quot;,&quot;Man&quot;,&quot;1 January 1980&quot;,System.String[])" methodname="CNFM_02_ExistingCustomerCheck_DifferentOpenProducts" classname="Join.Form.Customer.Selenium.Features._07_ConfirmationFeature" runstate="Runnable" seed="1016779494" result="Failed" label="Error" start-time="2017-11-08 13:11:44Z" end-time="2017-11-08 13:12:13Z" duration="29.141473" asserts="0">
                    <properties />
                    <failure>
                      <message><![CDATA[System.NullReferenceException : Object reference not set to an instance of an object.]]></message>
                      <stack-trace><![CDATA[   at Join.Form.Customer.Selenium.Pages.PersonalDetailsPage.SetNewPersonalDetails(Customer newPersonalDetails)
   at Join.Form.Customer.Selenium.StepDefinitions.PersonalDetailsSteps.GivenIEnterPersonalAndLoginDetails(String title, String firstName, String middleName, String lastName, String dob, String emailid, String mobileNumber, String preferredIdType, String password, String assPassword, String profanityFlag)
   at TechTalk.SpecFlow.Bindings.BindingInvoker.InvokeBinding(IBinding binding, IContextManager contextManager, Object[] arguments, ITestTracer testTracer, TimeSpan& duration)
   at TechTalk.SpecFlow.Infrastructure.TestExecutionEngine.ExecuteStepMatch(BindingMatch match, Object[] arguments)
   at TechTalk.SpecFlow.Infrastructure.TestExecutionEngine.ExecuteStep(StepInstance stepInstance)
   at TechTalk.SpecFlow.Infrastructure.TestExecutionEngine.OnAfterLastStep()
   at Join.Form.Customer.Selenium.Features._07_ConfirmationFeature.ScenarioCleanup()
   at Join.Form.Customer.Selenium.Features._07_ConfirmationFeature.CNFM_02_ExistingCustomerCheck_DifferentOpenProducts(String scenarioName, String title, String firstname, String middlename, String lastname, String dateOfBirth, String[] exampleTags)]]></stack-trace>
                    </failure>
                    <output><![CDATA[Given I start my Streamline application
Navigating to URL: https://webappisamdev.asbbank.co.nz/public/join/asb?grcDisabled=true
-> done: CommonSteps.GivenIStartMyStreamlineApplication() (0.8s)
Given I select the following products: 'Streamline intro,ASB Visa Debit Streamline Intro'
11/9/2017 2:11:55 AMWaitForFeaturesPageLoad: Executing WaitForFrameAndSwitch
11/9/2017 2:11:55 AMWaitForFeaturesPageLoad: Done executing WaitForFrameAndSwitch
Unable to find product 'FastSaver' in page or product 'FastSaver' is not selected
Unable to find product 'Savings On Call' in page or product 'Savings On Call' is not selected
Unable to find product 'Savings On Call' in page or product 'Savings On Call' is not selected
Unable to find product 'FastSaver' in page or product 'FastSaver' is not selected
-> done: ProductsPageSteps.WhenIChangeMySelectedProductsTo("Streamline intro,...") (15.0s)
And I enter personal and login details Mr,Good,Sam,Man,1 January 1980,cob2016@asb.co.nz,021-ass,Other,Kiwi77nz,ass123,false
-> error: Object reference not set to an instance of an object.
When I confirm details on the Summary page
-> skipped because of previous errors
Then the Confirmation page for duplicate 'good' customer with open products is displayed
-> skipped because of previous errors
]]></output>
                  </test-case>
                  <test-case id="0-1257" name="CNFM_02_ExistingCustomerCheck_DifferentOpenProducts(&quot;assd Bad&quot;,&quot;Mrs&quot;,&quot;ass&quot;,&quot;ass&quot;,&quot;ass&quot;,&quot;1 January 1980&quot;,System.String[])" fullname="Join.Form.Customer.Selenium.Features._07_ConfirmationFeature.CNFM_02_ExistingCustomerCheck_DifferentOpenProducts(&quot;assd Bad&quot;,&quot;Mrs&quot;,&quot;ass&quot;,&quot;ass&quot;,&quot;ass&quot;,&quot;1 January 1980&quot;,System.String[])" methodname="CNFM_02_ExistingCustomerCheck_DifferentOpenProducts" classname="Join.Form.Customer.Selenium.Features._07_ConfirmationFeature" runstate="Runnable" seed="89020520" result="Failed" label="Error" start-time="2017-11-08 13:12:13Z" end-time="2017-11-08 13:12:42Z" duration="29.441563" asserts="0">
                    <properties />
                    <failure>
                      <message><![CDATA[System.NullReferenceException : Object reference not set to an instance of an object.]]></message>
                      <stack-trace><![CDATA[   at Join.Form.Customer.Selenium.Pages.PersonalDetailsPage.SetNewPersonalDetails(Customer newPersonalDetails)
   at Join.Form.Customer.Selenium.StepDefinitions.PersonalDetailsSteps.GivenIEnterPersonalAndLoginDetails(String title, String firstName, String middleName, String lastName, String dob, String emailid, String mobileNumber, String preferredIdType, String password, String assPassword, String profanityFlag)
   at TechTalk.SpecFlow.Bindings.BindingInvoker.InvokeBinding(IBinding binding, IContextManager contextManager, Object[] arguments, ITestTracer testTracer, TimeSpan& duration)
   at TechTalk.SpecFlow.Infrastructure.TestExecutionEngine.ExecuteStepMatch(BindingMatch match, Object[] arguments)
   at TechTalk.SpecFlow.Infrastructure.TestExecutionEngine.ExecuteStep(StepInstance stepInstance)
   at TechTalk.SpecFlow.Infrastructure.TestExecutionEngine.OnAfterLastStep()
   at Join.Form.Customer.Selenium.Features._07_ConfirmationFeature.ScenarioCleanup()
   at Join.Form.Customer.Selenium.Features._07_ConfirmationFeature.CNFM_02_ExistingCustomerCheck_DifferentOpenProducts(String scenarioName, String title, String firstname, String middlename, String lastname, String dateOfBirth, String[] exampleTags)]]></stack-trace>
                    </failure>
                    <output><![CDATA[Given I start my Streamline application
Navigating to URL: https://webappisamdev.asbbank.co.nz/public/join/asb?grcDisabled=true
-> done: CommonSteps.GivenIStartMyStreamlineApplication() (1.0s)
Given I select the following products: 'Streamline intro,ASB Visa Debit Streamline Intro'
11/9/2017 2:12:25 AMWaitForFeaturesPageLoad: Executing WaitForFrameAndSwitch
11/9/2017 2:12:25 AMWaitForFeaturesPageLoad: Done executing WaitForFrameAndSwitch
Unable to find product 'FastSaver' in page or product 'FastSaver' is not selected
Unable to find product 'Savings On Call' in page or product 'Savings On Call' is not selected
Unable to find product 'Savings On Call' in page or product 'Savings On Call' is not selected
Unable to find product 'FastSaver' in page or product 'FastSaver' is not selected
-> done: ProductsPageSteps.WhenIChangeMySelectedProductsTo("Streamline intro,...") (15.6s)
And I enter personal and login details Mrs,ass,ass,ass,1 January 1980,cob2016@asb.co.nz,021-ass,Other,Kiwi77nz,ass123,false
-> error: Object reference not set to an instance of an object.
When I confirm details on the Summary page
-> skipped because of previous errors
Then the Confirmation page for duplicate 'good' customer with open products is displayed
-> skipped because of previous errors
]]></output>
                  </test-case>
                  <test-case id="0-1258" name="CNFM_02_ExistingCustomerCheck_DifferentOpenProducts(&quot;Transactional Only&quot;,&quot;Ms&quot;,&quot;ass&quot;,&quot;ass&quot;,&quot;ass&quot;,&quot;29 October 1958&quot;,System.String[])" fullname="Join.Form.Customer.Selenium.Features._07_ConfirmationFeature.CNFM_02_ExistingCustomerCheck_DifferentOpenProducts(&quot;Transactional Only&quot;,&quot;Ms&quot;,&quot;ass&quot;,&quot;ass&quot;,&quot;ass&quot;,&quot;29 October 1958&quot;,System.String[])" methodname="CNFM_02_ExistingCustomerCheck_DifferentOpenProducts" classname="Join.Form.Customer.Selenium.Features._07_ConfirmationFeature" runstate="Runnable" seed="81850743" result="Failed" label="Error" start-time="2017-11-08 13:12:42Z" end-time="2017-11-08 13:13:12Z" duration="30.074456" asserts="0">
                    <properties />
                    <failure>
                      <message><![CDATA[System.NullReferenceException : Object reference not set to an instance of an object.]]></message>
                      <stack-trace><![CDATA[   at Join.Form.Customer.Selenium.Pages.PersonalDetailsPage.SetNewPersonalDetails(Customer newPersonalDetails)
   at Join.Form.Customer.Selenium.StepDefinitions.PersonalDetailsSteps.GivenIEnterPersonalAndLoginDetails(String title, String firstName, String middleName, String lastName, String dob, String emailid, String mobileNumber, String preferredIdType, String password, String assPassword, String profanityFlag)
   at TechTalk.SpecFlow.Bindings.BindingInvoker.InvokeBinding(IBinding binding, IContextManager contextManager, Object[] arguments, ITestTracer testTracer, TimeSpan& duration)
   at TechTalk.SpecFlow.Infrastructure.TestExecutionEngine.ExecuteStepMatch(BindingMatch match, Object[] arguments)
   at TechTalk.SpecFlow.Infrastructure.TestExecutionEngine.ExecuteStep(StepInstance stepInstance)
   at TechTalk.SpecFlow.Infrastructure.TestExecutionEngine.OnAfterLastStep()
   at Join.Form.Customer.Selenium.Features._07_ConfirmationFeature.ScenarioCleanup()
   at Join.Form.Customer.Selenium.Features._07_ConfirmationFeature.CNFM_02_ExistingCustomerCheck_DifferentOpenProducts(String scenarioName, String title, String firstname, String middlename, String lastname, String dateOfBirth, String[] exampleTags)]]></stack-trace>
                    </failure>
                    <output><![CDATA[Given I start my Streamline application
Navigating to URL: https://webappisamdev.asbbank.co.nz/public/join/asb?grcDisabled=true
-> done: CommonSteps.GivenIStartMyStreamlineApplication() (0.9s)
Given I select the following products: 'Streamline intro,ASB Visa Debit Streamline Intro'
11/9/2017 2:12:54 AMWaitForFeaturesPageLoad: Executing WaitForFrameAndSwitch
11/9/2017 2:12:54 AMWaitForFeaturesPageLoad: Done executing WaitForFrameAndSwitch
Unable to find product 'FastSaver' in page or product 'FastSaver' is not selected
Unable to find product 'Savings On Call' in page or product 'Savings On Call' is not selected
Unable to find product 'Savings On Call' in page or product 'Savings On Call' is not selected
Unable to find product 'FastSaver' in page or product 'FastSaver' is not selected
-> done: ProductsPageSteps.WhenIChangeMySelectedProductsTo("Streamline intro,...") (15.0s)
And I enter personal and login details Ms,ass,ass,ass,29 October 1958,cob2016@asb.co.nz,021-ass,Other,Kiwi77nz,ass123,false
-> error: Object reference not set to an instance of an object.
When I confirm details on the Summary page
-> skipped because of previous errors
Then the Confirmation page for duplicate 'good' customer with open products is displayed
-> skipped because of previous errors
]]></output>
                  </test-case>
                  <test-case id="0-1259" name="CNFM_02_ExistingCustomerCheck_DifferentOpenProducts(&quot;KiwiSaver Only&quot;,&quot;Miss&quot;,&quot;ass&quot;,&quot;&quot;,&quot;Kiwisaver&quot;,&quot;4 July 1985&quot;,System.String[])" fullname="Join.Form.Customer.Selenium.Features._07_ConfirmationFeature.CNFM_02_ExistingCustomerCheck_DifferentOpenProducts(&quot;KiwiSaver Only&quot;,&quot;Miss&quot;,&quot;ass&quot;,&quot;&quot;,&quot;Kiwisaver&quot;,&quot;4 July 1985&quot;,System.String[])" methodname="CNFM_02_ExistingCustomerCheck_DifferentOpenProducts" classname="Join.Form.Customer.Selenium.Features._07_ConfirmationFeature" runstate="Runnable" seed="1107469187" result="Failed" label="Error" start-time="2017-11-08 13:13:12Z" end-time="2017-11-08 13:13:41Z" duration="28.641810" asserts="0">
                    <properties />
                    <failure>
                      <message><![CDATA[System.NullReferenceException : Object reference not set to an instance of an object.]]></message>
                      <stack-trace><![CDATA[   at Join.Form.Customer.Selenium.Pages.PersonalDetailsPage.SetNewPersonalDetails(Customer newPersonalDetails)
   at Join.Form.Customer.Selenium.StepDefinitions.PersonalDetailsSteps.GivenIEnterPersonalAndLoginDetails(String title, String firstName, String middleName, String lastName, String dob, String emailid, String mobileNumber, String preferredIdType, String password, String assPassword, String profanityFlag)
   at TechTalk.SpecFlow.Bindings.BindingInvoker.InvokeBinding(IBinding binding, IContextManager contextManager, Object[] arguments, ITestTracer testTracer, TimeSpan& duration)
   at TechTalk.SpecFlow.Infrastructure.TestExecutionEngine.ExecuteStepMatch(BindingMatch match, Object[] arguments)
   at TechTalk.SpecFlow.Infrastructure.TestExecutionEngine.ExecuteStep(StepInstance stepInstance)
   at TechTalk.SpecFlow.Infrastructure.TestExecutionEngine.OnAfterLastStep()
   at Join.Form.Customer.Selenium.Features._07_ConfirmationFeature.ScenarioCleanup()
   at Join.Form.Customer.Selenium.Features._07_ConfirmationFeature.CNFM_02_ExistingCustomerCheck_DifferentOpenProducts(String scenarioName, String title, String firstname, String middlename, String lastname, String dateOfBirth, String[] exampleTags)]]></stack-trace>
                    </failure>
                    <output><![CDATA[Given I start my Streamline application
Navigating to URL: https://webappisamdev.asbbank.co.nz/public/join/asb?grcDisabled=true
-> done: CommonSteps.GivenIStartMyStreamlineApplication() (0.8s)
Given I select the following products: 'Streamline intro,ASB Visa Debit Streamline Intro'
11/9/2017 2:13:24 AMWaitForFeaturesPageLoad: Executing WaitForFrameAndSwitch
11/9/2017 2:13:24 AMWaitForFeaturesPageLoad: Done executing WaitForFrameAndSwitch
Unable to find product 'FastSaver' in page or product 'FastSaver' is not selected
Unable to find product 'Savings On Call' in page or product 'Savings On Call' is not selected
Unable to find product 'Savings On Call' in page or product 'Savings On Call' is not selected
Unable to find product 'FastSaver' in page or product 'FastSaver' is not selected
-> done: ProductsPageSteps.WhenIChangeMySelectedProductsTo("Streamline intro,...") (15.2s)
And I enter personal and login details Miss,ass,,Kiwisaver,4 July 1985,cob2016@asb.co.nz,021-ass,Other,Kiwi77nz,ass123,false
-> error: Object reference not set to an instance of an object.
When I confirm details on the Summary page
-> skipped because of previous errors
Then the Confirmation page for duplicate 'good' customer with open products is displayed
-> skipped because of previous errors
]]></output>
                  </test-case>
                </test-suite>
                <test-case id="0-1264" name="CNFM_04_ExistingCustomerCheck_FNCOpenApplyRedirect" fullname="Join.Form.Customer.Selenium.Features._07_ConfirmationFeature.CNFM_04_ExistingCustomerCheck_FNCOpenApplyRedirect" methodname="CNFM_04_ExistingCustomerCheck_FNCOpenApplyRedirect" classname="Join.Form.Customer.Selenium.Features._07_ConfirmationFeature" runstate="Runnable" seed="200826972" result="Failed" label="Error" start-time="2017-11-08 13:13:41Z" end-time="2017-11-08 13:13:59Z" duration="18.049698" asserts="0">
                  <properties>
                    <property name="Description" value="CNFM_04 - Existing Customer check - FNC Open &amp; Apply Redirect" />
                    <property name="Category" value="COB" />
                    <property name="Category" value="confirmation" />
                    <property name="Category" value="regression" />
                    <property name="Category" value="integration" />
                    <property name="Category" value="072016" />
                  </properties>
                  <failure>
                    <message><![CDATA[System.IndexOutOfRangeException : Could not find a column named 'CountriesCitizenship' in the table.
The table looks like this:
| Title | FirstName | MiddleName | LastName | DateOfBirth    | Email             | MobileNumber | PreferredIdType | Password | assPassword |
| Miss  | ass   | ass      | ass     | 1 January 1980 | cob2016@asb.co.nz | 021-ass   | Other           | Kiwi77nz | MyCode01       |
]]></message>
                    <stack-trace><![CDATA[   at TechTalk.SpecFlow.Table.GetHeaderIndex(String column, Boolean throwIfNotFound)
   at TechTalk.SpecFlow.TableRow.get_Item(String header)
   at Join.Form.Customer.Selenium.StepDefinitions.PersonalDetailsSteps.GivenIEnterAllRequiredDetailsAndNavigateToSummaryPage(Table userDetails)
   at TechTalk.SpecFlow.Bindings.BindingInvoker.InvokeBinding(IBinding binding, IContextManager contextManager, Object[] arguments, ITestTracer testTracer, TimeSpan& duration)
   at TechTalk.SpecFlow.Infrastructure.TestExecutionEngine.ExecuteStepMatch(BindingMatch match, Object[] arguments)
   at TechTalk.SpecFlow.Infrastructure.TestExecutionEngine.ExecuteStep(StepInstance stepInstance)
   at TechTalk.SpecFlow.Infrastructure.TestExecutionEngine.OnAfterLastStep()
   at Join.Form.Customer.Selenium.Features._07_ConfirmationFeature.ScenarioCleanup()
   at Join.Form.Customer.Selenium.Features._07_ConfirmationFeature.CNFM_04_ExistingCustomerCheck_FNCOpenApplyRedirect()]]></stack-trace>
                  </failure>
                  <output><![CDATA[Given I start my Streamline application
Navigating to URL: https://webappisamdev.asbbank.co.nz/public/join/asb?grcDisabled=true
-> done: CommonSteps.GivenIStartMyStreamlineApplication() (0.7s)
Given I am an existing ASB customer
Navigating to URL: https://webappisamdev.asbbank.co.nz/public/join/asb?grcDisabled=true&fncJunctionNumber=104
-> done: CommonSteps.GivenIAmAnExistingASBCustomer() (0.5s)
And I select the following products: 'Streamline intro,ASB Visa Debit Streamline Intro,Savings On Call,FastSaver'
11/9/2017 2:13:53 AMWaitForFeaturesPageLoad: Executing WaitForFrameAndSwitch
11/9/2017 2:13:53 AMWaitForFeaturesPageLoad: Done executing WaitForFrameAndSwitch
Unable to find product 'Savings On Call' in page or product 'Savings On Call' is not selected
Unable to find product 'FastSaver' in page or product 'FastSaver' is not selected
-> done: ProductsPageSteps.WhenIChangeMySelectedProductsTo("Streamline intro,...") (15.4s)
And I enter all required details and navigate to Summary page
  --- table step argument ---
  | Title | FirstName | MiddleName | LastName | DateOfBirth    | Email             | MobileNumber | PreferredIdType | Password | assPassword |
  | Miss  | ass   | ass      | ass     | 1 January 1980 | cob2016@asb.co.nz | 021-ass   | Other           | Kiwi77nz | MyCode01       |
-> error: Could not find a column named 'CountriesCitizenship' in the table.
The table looks like this:
| Title | FirstName | MiddleName | LastName | DateOfBirth    | Email             | MobileNumber | PreferredIdType | Password | assPassword |
| Miss  | ass   | ass      | ass     | 1 January 1980 | cob2016@asb.co.nz | 021-ass   | Other           | Kiwi77nz | MyCode01       |

When I confirm details on the Summary page
-> skipped because of previous errors
Then the Confirmation page for duplicate 'good' customer with open products is displayed
-> skipped because of previous errors
And the FNC Login section is displayed
-> skipped because of previous errors
And the 'Having trouble logging in?' button opens in a new window
-> skipped because of previous errors
And the 'register for internet banking' link opens in a new window
-> skipped because of previous errors
And the 'Find a branch' button opens in a new window
-> skipped because of previous errors
And FNC Open & Apply page is displayed after login
-> skipped because of previous errors
]]></output>
                </test-case>
              </test-suite>
              <test-suite type="TestFixture" id="0-1045" name="_08_ActivateSummaryFeature" fullname="Join.Form.Customer.Selenium.Features._08_ActivateSummaryFeature" classname="Join.Form.Customer.Selenium.Features._08_ActivateSummaryFeature" runstate="Runnable" testcasecount="54" result="Failed" site="Child" start-time="2017-11-08 13:13:59Z" end-time="2017-11-08 13:36:24Z" duration="1344.928805" total="51" passed="0" failed="51" warnings="0" inconclusive="0" skipped="0" asserts="8">
                <properties>
                  <property name="Description" value="08_ActivateSummary" />
                </properties>
                <failure>
                  <message><![CDATA[One or more child tests had errors]]></message>
                </failure>
                <test-case id="0-1046" name="ACTSUM_01_VerifyThatCustomerSetupSubmissionIsSuccessful_WelcomeMessage" fullname="Join.Form.Customer.Selenium.Features._08_ActivateSummaryFeature.ACTSUM_01_VerifyThatCustomerSetupSubmissionIsSuccessful_WelcomeMessage" methodname="ACTSUM_01_VerifyThatCustomerSetupSubmissionIsSuccessful_WelcomeMessage" classname="Join.Form.Customer.Selenium.Features._08_ActivateSummaryFeature" runstate="Runnable" seed="1142531789" result="Failed" label="Error" start-time="2017-11-08 13:13:59Z" end-time="2017-11-08 13:14:23Z" duration="23.986361" asserts="0">
                  <properties>
                    <property name="Description" value="ACTSUM_01 - Verify that customer setup submission is successful - Welcome message" />
                    <property name="Category" value="COB" />
                    <property name="Category" value="activatesummary" />
                    <property name="Category" value="regression" />
                    <property name="Category" value="online" />
                    <property name="Category" value="integration" />
                    <property name="Category" value="eidv" />
                    <property name="Category" value="072016" />
                    <property name="Category" value="securitypatch" />
                  </properties>
                  <failure>
                    <message><![CDATA[System.IndexOutOfRangeException : Could not find a column named 'CountriesCitizenship' in the table.
The table looks like this:
| Title | FirstName  | MiddleName | LastName | DateOfBirth | Email             | MobileNumber | PreferredIdType | Password | assPassword |
| Miss  | Automation | ass     | FYICOB   | ass      | cob2016@asb.co.nz | 021-ass   | Other           | Kiwi77nz | MyCode01       |
]]></message>
                    <stack-trace><![CDATA[   at TechTalk.SpecFlow.Table.GetHeaderIndex(String column, Boolean throwIfNotFound)
   at TechTalk.SpecFlow.TableRow.get_Item(String header)
   at Join.Form.Customer.Selenium.StepDefinitions.PersonalDetailsSteps.GivenIEnterAllRequiredDetailsAndNavigateToSummaryPage(Table userDetails)
   at TechTalk.SpecFlow.Bindings.BindingInvoker.InvokeBinding(IBinding binding, IContextManager contextManager, Object[] arguments, ITestTracer testTracer, TimeSpan& duration)
   at TechTalk.SpecFlow.Infrastructure.TestExecutionEngine.ExecuteStepMatch(BindingMatch match, Object[] arguments)
   at TechTalk.SpecFlow.Infrastructure.TestExecutionEngine.ExecuteStep(StepInstance stepInstance)
   at TechTalk.SpecFlow.Infrastructure.TestExecutionEngine.OnAfterLastStep()
   at Join.Form.Customer.Selenium.Features._08_ActivateSummaryFeature.ScenarioCleanup()
   at Join.Form.Customer.Selenium.Features._08_ActivateSummaryFeature.ACTSUM_01_VerifyThatCustomerSetupSubmissionIsSuccessful_WelcomeMessage()]]></stack-trace>
                  </failure>
                  <output><![CDATA[Given I start my Streamline application
Navigating to URL: https://webappisamdev.asbbank.co.nz/public/join/asb?grcDisabled=true
-> done: CommonSteps.GivenIStartMyStreamlineApplication() (0.8s)
Given I select the following products: 'Streamline intro'
11/9/2017 2:14:11 AMWaitForFeaturesPageLoad: Executing WaitForFrameAndSwitch
11/9/2017 2:14:11 AMWaitForFeaturesPageLoad: Done executing WaitForFrameAndSwitch
Unable to find product 'FastSaver' in page or product 'FastSaver' is not selected
Unable to find product 'Savings On Call' in page or product 'Savings On Call' is not selected
Unable to find product 'ASB Visa Debit Streamline Intro' in page or product 'ASB Visa Debit Streamline Intro' is not selected
Unable to find product 'Savings On Call' in page or product 'Savings On Call' is not selected
Unable to find product 'FastSaver' in page or product 'FastSaver' is not selected
-> done: ProductsPageSteps.WhenIChangeMySelectedProductsTo("Streamline intro") (16.1s)
And I enter all required details and navigate to Summary page
  --- table step argument ---
  | Title | FirstName  | MiddleName | LastName | DateOfBirth | Email             | MobileNumber | PreferredIdType | Password | assPassword |
  | Miss  | Automation | ass     | FYICOB   | ass      | cob2016@asb.co.nz | 021-ass   | Other           | Kiwi77nz | MyCode01       |
-> error: Could not find a column named 'CountriesCitizenship' in the table.
The table looks like this:
| Title | FirstName  | MiddleName | LastName | DateOfBirth | Email             | MobileNumber | PreferredIdType | Password | assPassword |
| Miss  | Automation | ass     | FYICOB   | ass      | cob2016@asb.co.nz | 021-ass   | Other           | Kiwi77nz | MyCode01       |

When I confirm details on the Summary page
-> skipped because of previous errors
[...]
                    <properties />
                    <reason>
                      <message><![CDATA[OneTimeSetUp: Ignored scenario]]></message>
                    </reason>
                  </test-case>
                  <test-case id="0-1029" name="ACTPROF_04_CancelCOBDataUpdateInActivate(&quot;NZTaxResident - 17.5% and profile incomplete&quot;,&quot;Streamline intro&quot;,&quot;Yes&quot;,&quot;17.5%&quot;,&quot;49-091-850&quot;,&quot;Skip&quot;,&quot;Skip&quot;,&quot;Yes&quot;,&quot;10.5%&quot;,&quot;35-901-981&quot;,&quot;New Zealand, Australia, India, Svalbard and Jan Mayen Islands&quot;,&quot;No&quot;,&quot;TRUE&quot;,System.String[])" fullname="Join.Form.Customer.Selenium.Features._99_ActivateProfileDetailsFeature.ACTPROF_04_CancelCOBDataUpdateInActivate(&quot;NZTaxResident - 17.5% and profile incomplete&quot;,&quot;Streamline intro&quot;,&quot;Yes&quot;,&quot;17.5%&quot;,&quot;49-091-850&quot;,&quot;Skip&quot;,&quot;Skip&quot;,&quot;Yes&quot;,&quot;10.5%&quot;,&quot;35-901-981&quot;,&quot;New Zealand, Australia, India, Svalbard and Jan Mayen Islands&quot;,&quot;No&quot;,&quot;TRUE&quot;,System.String[])" methodname="ACTPROF_04_CancelCOBDataUpdateInActivate" classname="Join.Form.Customer.Selenium.Features._99_ActivateProfileDetailsFeature" runstate="Runnable" seed="2101620064" result="Skipped" label="Ignored" site="Parent" start-time="0001-01-01 00:00:00Z" end-time="0001-01-01 00:00:00Z" duration="0.000000" asserts="0">
                    <properties />
                    <reason>
                      <message><![CDATA[OneTimeSetUp: Ignored scenario]]></message>
                    </reason>
                  </test-case>
                  <test-case id="0-1030" name="ACTPROF_04_CancelCOBDataUpdateInActivate(&quot;NZTaxResident - Exempt and profile complete on submit&quot;,&quot;Streamline intro,ASB Visa Debit&quot;,&quot;Yes&quot;,&quot;Exempt from withholding tax&quot;,&quot;Skip&quot;,&quot;Skip&quot;,&quot;Skip&quot;,&quot;Yes&quot;,&quot;Exempt from withholding tax&quot;,&quot;Skip&quot;,&quot;New Zealand&quot;,&quot;Australia - X123GH78, India - 9856GFT8, Argentina - X123GH78, Svalbard and Jan Mayen Islands - GT7646HG&quot;,&quot;TRUE&quot;,System.String[])" fullname="Join.Form.Customer.Selenium.Features._99_ActivateProfileDetailsFeature.ACTPROF_04_CancelCOBDataUpdateInActivate(&quot;NZTaxResident - Exempt and profile complete on submit&quot;,&quot;Streamline intro,ASB Visa Debit&quot;,&quot;Yes&quot;,&quot;Exempt from withholding tax&quot;,&quot;Skip&quot;,&quot;Skip&quot;,&quot;Skip&quot;,&quot;Yes&quot;,&quot;Exempt from withholding tax&quot;,&quot;Skip&quot;,&quot;New Zealand&quot;,&quot;Australia - X123GH78, India - 9856GFT8, Argentina - X123GH78, Svalbard and Jan Mayen Islands - GT7646HG&quot;,&quot;TRUE&quot;,System.String[])" methodname="ACTPROF_04_CancelCOBDataUpdateInActivate" classname="Join.Form.Customer.Selenium.Features._99_ActivateProfileDetailsFeature" runstate="Runnable" seed="813300552" result="Skipped" label="Ignored" site="Parent" start-time="0001-01-01 00:00:00Z" end-time="0001-01-01 00:00:00Z" duration="0.000000" asserts="0">
                    <properties />
                    <reason>
                      <message><![CDATA[OneTimeSetUp: Ignored scenario]]></message>
                    </reason>
                  </test-case>
                  <test-case id="0-1031" name="ACTPROF_04_CancelCOBDataUpdateInActivate(&quot;NZTaxResident, Citizenship and profile incomplete&quot;,&quot;Streamline intro&quot;,&quot;Yes&quot;,&quot;Skip&quot;,&quot;Skip&quot;,&quot;New Zealand, Australia, India, Svalbard and Jan Mayen Islands&quot;,&quot;Skip&quot;,&quot;Yes&quot;,&quot;17.5%&quot;,&quot;49-091-850&quot;,&quot;New Zealand, Australia, India, Svalbard and Jan Mayen Islands&quot;,&quot;United States&quot;,&quot;TRUE&quot;,System.String[])" fullname="Join.Form.Customer.Selenium.Features._99_ActivateProfileDetailsFeature.ACTPROF_04_CancelCOBDataUpdateInActivate(&quot;NZTaxResident, Citizenship and profile incomplete&quot;,&quot;Streamline intro&quot;,&quot;Yes&quot;,&quot;Skip&quot;,&quot;Skip&quot;,&quot;New Zealand, Australia, India, Svalbard and Jan Mayen Islands&quot;,&quot;Skip&quot;,&quot;Yes&quot;,&quot;17.5%&quot;,&quot;49-091-850&quot;,&quot;New Zealand, Australia, India, Svalbard and Jan Mayen Islands&quot;,&quot;United States&quot;,&quot;TRUE&quot;,System.String[])" methodname="ACTPROF_04_CancelCOBDataUpdateInActivate" classname="Join.Form.Customer.Selenium.Features._99_ActivateProfileDetailsFeature" runstate="Runnable" seed="1104796828" result="Skipped" label="Ignored" site="Parent" start-time="0001-01-01 00:00:00Z" end-time="0001-01-01 00:00:00Z" duration="0.000000" asserts="0">
                    <properties />
                    <reason>
                      <message><![CDATA[OneTimeSetUp: Ignored scenario]]></message>
                    </reason>
                  </test-case>
                  <test-case id="0-1032" name="ACTPROF_04_CancelCOBDataUpdateInActivate(&quot;NZTaxResident, FTR and profile incomplete&quot;,&quot;Streamline intro,ASB Visa Debit&quot;,&quot;Yes&quot;,&quot;Skip&quot;,&quot;Skip&quot;,&quot;Skip&quot;,&quot;Australia - X123GH78, India - 9856GFT8, Argentina - X123GH78, Svalbard and Jan Mayen Islands - GT7646HG&quot;,&quot;Yes&quot;,&quot;Skip&quot;,&quot;Skip&quot;,&quot;United States&quot;,&quot;Australia&quot;,&quot;TRUE&quot;,System.String[])" fullname="Join.Form.Customer.Selenium.Features._99_ActivateProfileDetailsFeature.ACTPROF_04_CancelCOBDataUpdateInActivate(&quot;NZTaxResident, FTR and profile incomplete&quot;,&quot;Streamline intro,ASB Visa Debit&quot;,&quot;Yes&quot;,&quot;Skip&quot;,&quot;Skip&quot;,&quot;Skip&quot;,&quot;Australia - X123GH78, India - 9856GFT8, Argentina - X123GH78, Svalbard and Jan Mayen Islands - GT7646HG&quot;,&quot;Yes&quot;,&quot;Skip&quot;,&quot;Skip&quot;,&quot;United States&quot;,&quot;Australia&quot;,&quot;TRUE&quot;,System.String[])" methodname="ACTPROF_04_CancelCOBDataUpdateInActivate" classname="Join.Form.Customer.Selenium.Features._99_ActivateProfileDetailsFeature" runstate="Runnable" seed="818813966" result="Skipped" label="Ignored" site="Parent" start-time="0001-01-01 00:00:00Z" end-time="0001-01-01 00:00:00Z" duration="0.000000" asserts="0">
                    <properties />
                    <reason>
                      <message><![CDATA[OneTimeSetUp: Ignored scenario]]></message>
                    </reason>
                  </test-case>
                  <test-case id="0-1033" name="ACTPROF_04_CancelCOBDataUpdateInActivate(&quot;Not NZTaxResident  and profile incomplete&quot;,&quot;Streamline intro&quot;,&quot;No&quot;,&quot;Skip&quot;,&quot;Skip&quot;,&quot;Skip&quot;,&quot;Australia - X123GH78&quot;,&quot;Yes&quot;,&quot;33%&quot;,&quot;111-111-111&quot;,&quot;United States&quot;,&quot;Australia - X123GH78, India - 9856GFT8, Argentina - X123GH78, Svalbard and Jan Mayen Islands - GT7646HG&quot;,&quot;TRUE&quot;,System.String[])" fullname="Join.Form.Customer.Selenium.Features._99_ActivateProfileDetailsFeature.ACTPROF_04_CancelCOBDataUpdateInActivate(&quot;Not NZTaxResident  and profile incomplete&quot;,&quot;Streamline intro&quot;,&quot;No&quot;,&quot;Skip&quot;,&quot;Skip&quot;,&quot;Skip&quot;,&quot;Australia - X123GH78&quot;,&quot;Yes&quot;,&quot;33%&quot;,&quot;111-111-111&quot;,&quot;United States&quot;,&quot;Australia - X123GH78, India - 9856GFT8, Argentina - X123GH78, Svalbard and Jan Mayen Islands - GT7646HG&quot;,&quot;TRUE&quot;,System.String[])" methodname="ACTPROF_04_CancelCOBDataUpdateInActivate" classname="Join.Form.Customer.Selenium.Features._99_ActivateProfileDetailsFeature" runstate="Runnable" seed="416792456" result="Skipped" label="Ignored" site="Parent" start-time="0001-01-01 00:00:00Z" end-time="0001-01-01 00:00:00Z" duration="0.000000" asserts="0">
                    <properties />
                    <reason>
                      <message><![CDATA[OneTimeSetUp: Ignored scenario]]></message>
                    </reason>
                  </test-case>
                  <test-case id="0-1034" name="ACTPROF_04_CancelCOBDataUpdateInActivate(&quot;No-Approved Issuer Levy at 2% and profile complete on submit&quot;,&quot;Streamline intro,ASB Visa Debit&quot;,&quot;No&quot;,&quot;Approved Issuer Levy at 2%&quot;,&quot;Skip&quot;,&quot;Skip&quot;,&quot;Australia&quot;,&quot;No&quot;,&quot;Approved Issuer Levy at 2%&quot;,&quot;Skip&quot;,&quot;New Zealand&quot;,&quot;No&quot;,&quot;TRUE&quot;,System.String[])" fullname="Join.Form.Customer.Selenium.Features._99_ActivateProfileDetailsFeature.ACTPROF_04_CancelCOBDataUpdateInActivate(&quot;No-Approved Issuer Levy at 2% and profile complete on submit&quot;,&quot;Streamline intro,ASB Visa Debit&quot;,&quot;No&quot;,&quot;Approved Issuer Levy at 2%&quot;,&quot;Skip&quot;,&quot;Skip&quot;,&quot;Australia&quot;,&quot;No&quot;,&quot;Approved Issuer Levy at 2%&quot;,&quot;Skip&quot;,&quot;New Zealand&quot;,&quot;No&quot;,&quot;TRUE&quot;,System.String[])" methodname="ACTPROF_04_CancelCOBDataUpdateInActivate" classname="Join.Form.Customer.Selenium.Features._99_ActivateProfileDetailsFeature" runstate="Runnable" seed="1157683142" result="Skipped" label="Ignored" site="Parent" start-time="0001-01-01 00:00:00Z" end-time="0001-01-01 00:00:00Z" duration="0.000000" asserts="0">
                    <properties />
                    <reason>
                      <message><![CDATA[OneTimeSetUp: Ignored scenario]]></message>
                    </reason>
                  </test-case>
                  <test-case id="0-1035" name="ACTPROF_04_CancelCOBDataUpdateInActivate(&quot;No-Non-resident Withholding tax rate and profile incomplete&quot;,&quot;Streamline intro&quot;,&quot;No&quot;,&quot;Non-resident Withholding tax rate&quot;,&quot;49-091-850&quot;,&quot;Skip&quot;,&quot;Australia - X123GH78&quot;,&quot;No&quot;,&quot;Exempt from withholding tax&quot;,&quot;49-091-850&quot;,&quot;Australia&quot;,&quot;Australia - X123GH78&quot;,&quot;TRUE&quot;,System.String[])" fullname="Join.Form.Customer.Selenium.Features._99_ActivateProfileDetailsFeature.ACTPROF_04_CancelCOBDataUpdateInActivate(&quot;No-Non-resident Withholding tax rate and profile incomplete&quot;,&quot;Streamline intro&quot;,&quot;No&quot;,&quot;Non-resident Withholding tax rate&quot;,&quot;49-091-850&quot;,&quot;Skip&quot;,&quot;Australia - X123GH78&quot;,&quot;No&quot;,&quot;Exempt from withholding tax&quot;,&quot;49-091-850&quot;,&quot;Australia&quot;,&quot;Australia - X123GH78&quot;,&quot;TRUE&quot;,System.String[])" methodname="ACTPROF_04_CancelCOBDataUpdateInActivate" classname="Join.Form.Customer.Selenium.Features._99_ActivateProfileDetailsFeature" runstate="Runnable" seed="751849892" result="Skipped" label="Ignored" site="Parent" start-time="0001-01-01 00:00:00Z" end-time="0001-01-01 00:00:00Z" duration="0.000000" asserts="0">
                    <properties />
                    <reason>
                      <message><![CDATA[OneTimeSetUp: Ignored scenario]]></message>
                    </reason>
                  </test-case>
                  <test-case id="0-1036" name="ACTPROF_04_CancelCOBDataUpdateInActivate(&quot;No-Exempt from withholding tax and profile complete on submit&quot;,&quot;Streamline intro,ASB Visa Debit&quot;,&quot;No&quot;,&quot;Exempt from withholding tax&quot;,&quot;111-111-111&quot;,&quot;Skip&quot;,&quot;Australia - X123GH78&quot;,&quot;No&quot;,&quot;Non-resident Withholding tax rate&quot;,&quot;111-111-111&quot;,&quot;New Zealand, Australia, India, Svalbard and Jan Mayen Islands&quot;,&quot;Australia - X123GH78&quot;,&quot;TRUE&quot;,System.String[])" fullname="Join.Form.Customer.Selenium.Features._99_ActivateProfileDetailsFeature.ACTPROF_04_CancelCOBDataUpdateInActivate(&quot;No-Exempt from withholding tax and profile complete on submit&quot;,&quot;Streamline intro,ASB Visa Debit&quot;,&quot;No&quot;,&quot;Exempt from withholding tax&quot;,&quot;111-111-111&quot;,&quot;Skip&quot;,&quot;Australia - X123GH78&quot;,&quot;No&quot;,&quot;Non-resident Withholding tax rate&quot;,&quot;111-111-111&quot;,&quot;New Zealand, Australia, India, Svalbard and Jan Mayen Islands&quot;,&quot;Australia - X123GH78&quot;,&quot;TRUE&quot;,System.String[])" methodname="ACTPROF_04_CancelCOBDataUpdateInActivate" classname="Join.Form.Customer.Selenium.Features._99_ActivateProfileDetailsFeature" runstate="Runnable" seed="1003870129" result="Skipped" label="Ignored" site="Parent" start-time="0001-01-01 00:00:00Z" end-time="0001-01-01 00:00:00Z" duration="0.000000" asserts="0">
                    <properties />
                    <reason>
                      <message><![CDATA[OneTimeSetUp: Ignored scenario]]></message>
                    </reason>
                  </test-case>
                </test-suite>
                <test-case id="0-1038" name="ACTPROF_05_SourceOfWealthVerification_Non_HighRiskCountry" fullname="Join.Form.Customer.Selenium.Features._99_ActivateProfileDetailsFeature.ACTPROF_05_SourceOfWealthVerification_Non_HighRiskCountry" methodname="ACTPROF_05_SourceOfWealthVerification_Non_HighRiskCountry" classname="Join.Form.Customer.Selenium.Features._99_ActivateProfileDetailsFeature" runstate="Ignored" seed="657143380" result="Skipped" label="Ignored" start-time="2017-11-08 15:46:02Z" end-time="2017-11-08 15:46:02Z" duration="0.000867" asserts="0">
                  <properties>
                    <property name="Description" value="ACTPROF_05 - Source of wealth verification - Non-high risk country" />
                    <property name="_SKIPREASON" value="Ignored scenario" />
                    <property name="Category" value="activateprofile" />
                    <property name="Category" value="COB" />
                    <property name="Category" value="integration" />
                    <property name="Category" value="082016" />
                    <property name="Category" value="eidv" />
                    <property name="Category" value="obsolete" />
                  </properties>
                  <reason>
                    <message><![CDATA[Ignored scenario]]></message>
                  </reason>
                </test-case>
                <test-case id="0-1039" name="ACTPROF_06_SourceOfWealthVerification_HighRiskCountry" fullname="Join.Form.Customer.Selenium.Features._99_ActivateProfileDetailsFeature.ACTPROF_06_SourceOfWealthVerification_HighRiskCountry" methodname="ACTPROF_06_SourceOfWealthVerification_HighRiskCountry" classname="Join.Form.Customer.Selenium.Features._99_ActivateProfileDetailsFeature" runstate="Ignored" seed="385394741" result="Skipped" label="Ignored" start-time="2017-11-08 15:46:02Z" end-time="2017-11-08 15:46:02Z" duration="0.000026" asserts="0">
                  <properties>
                    <property name="Description" value="ACTPROF_06 - Source of wealth verification - High risk country" />
                    <property name="_SKIPREASON" value="Ignored scenario" />
                    <property name="Category" value="activateprofile" />
                    <property name="Category" value="COB" />
                    <property name="Category" value="integration" />
                    <property name="Category" value="082016" />
                    <property name="Category" value="eidv" />
                    <property name="Category" value="regression" />
                    <property name="Category" value="obsolete" />
                  </properties>
                  <reason>
                    <message><![CDATA[Ignored scenario]]></message>
                  </reason>
                </test-case>
                <test-suite type="ParameterizedMethod" id="0-1042" name="ACTPROF_07_IRDNumberValidation" fullname="Join.Form.Customer.Selenium.Features._99_ActivateProfileDetailsFeature.ACTPROF_07_IRDNumberValidation" classname="Join.Form.Customer.Selenium.Features._99_ActivateProfileDetailsFeature" runstate="Ignored" testcasecount="2" result="Skipped" label="Ignored" site="SetUp" start-time="2017-11-08 15:46:02Z" end-time="2017-11-08 15:46:02Z" duration="0.031264" total="2" passed="0" failed="0" warnings="0" inconclusive="0" skipped="2" asserts="0">
                  <properties>
                    <property name="Description" value="ACTPROF_07 - IRD number validation" />
                    <property name="_SKIPREASON" value="Ignored scenario" />
                    <property name="Category" value="activateprofile" />
                    <property name="Category" value="COB" />
                    <property name="Category" value="integration" />
                    <property name="Category" value="082016" />
                    <property name="Category" value="obsolete" />
                  </properties>
                  <reason>
                    <message><![CDATA[Ignored scenario]]></message>
                  </reason>
                  <test-case id="0-1040" name="ACTPROF_07_IRDNumberValidation(&quot;8D IRD - Prefix 0&quot;,&quot;049091850&quot;,&quot;is NOT&quot;,System.String[])" fullname="Join.Form.Customer.Selenium.Features._99_ActivateProfileDetailsFeature.ACTPROF_07_IRDNumberValidation(&quot;8D IRD - Prefix 0&quot;,&quot;049091850&quot;,&quot;is NOT&quot;,System.String[])" methodname="ACTPROF_07_IRDNumberValidation" classname="Join.Form.Customer.Selenium.Features._99_ActivateProfileDetailsFeature" runstate="Runnable" seed="1158548718" result="Skipped" label="Ignored" site="Parent" start-time="0001-01-01 00:00:00Z" end-time="0001-01-01 00:00:00Z" duration="0.000000" asserts="0">
                    <properties />
                    <reason>
                      <message><![CDATA[OneTimeSetUp: Ignored scenario]]></message>
                    </reason>
                  </test-case>
                  <test-case id="0-1041" name="ACTPROF_07_IRDNumberValidation(&quot;8D IRD - Prefix 00&quot;,&quot;0049091850&quot;,&quot;is&quot;,System.String[])" fullname="Join.Form.Customer.Selenium.Features._99_ActivateProfileDetailsFeature.ACTPROF_07_IRDNumberValidation(&quot;8D IRD - Prefix 00&quot;,&quot;0049091850&quot;,&quot;is&quot;,System.String[])" methodname="ACTPROF_07_IRDNumberValidation" classname="Join.Form.Customer.Selenium.Features._99_ActivateProfileDetailsFeature" runstate="Runnable" seed="989307748" result="Skipped" label="Ignored" site="Parent" start-time="0001-01-01 00:00:00Z" end-time="0001-01-01 00:00:00Z" duration="0.000000" asserts="0">
                    <properties />
                    <reason>
                      <message><![CDATA[OneTimeSetUp: Ignored scenario]]></message>
                    </reason>
                  </test-case>
                </test-suite>
              </test-suite>
            </test-suite>
          </test-suite>
        </test-suite>
      </test-suite>
    </test-suite>
  </test-suite>
</test-run>
